<?xml version="1.0" encoding="UTF-8"?>
<coverage generated="1769386063341" clover="3.2.0">
  <project timestamp="1769386063342" name="All files">
    <metrics statements="277" coveredstatements="215" conditionals="174" coveredconditionals="130" methods="82" coveredmethods="55" elements="533" coveredelements="400" complexity="0" loc="277" ncloc="277" packages="11" files="22" classes="22"/>
    <package name="src">
      <metrics statements="2" coveredstatements="2" conditionals="4" coveredconditionals="4" methods="1" coveredmethods="1"/>
      <file name="App.jsx" path="C:\Users\yanevg\OneDrive - Posten Norge\Documents\Bring Documents\React\Dashboard-Telerik\src\App.jsx">
        <metrics statements="2" coveredstatements="2" conditionals="4" coveredconditionals="4" methods="1" coveredmethods="1"/>
        <line num="10" count="3" type="stmt"/>
        <line num="12" count="3" type="stmt"/>
      </file>
    </package>
    <package name="src.components">
      <metrics statements="12" coveredstatements="12" conditionals="4" coveredconditionals="4" methods="3" coveredmethods="3"/>
      <file name="ProtectedRoute.jsx" path="C:\Users\yanevg\OneDrive - Posten Norge\Documents\Bring Documents\React\Dashboard-Telerik\src\components\ProtectedRoute.jsx">
        <metrics statements="12" coveredstatements="12" conditionals="4" coveredconditionals="4" methods="3" coveredmethods="3"/>
        <line num="6" count="5" type="stmt"/>
        <line num="7" count="5" type="stmt"/>
        <line num="9" count="5" type="stmt"/>
        <line num="10" count="3" type="stmt"/>
        <line num="11" count="3" type="stmt"/>
        <line num="12" count="3" type="stmt"/>
        <line num="15" count="3" type="stmt"/>
        <line num="18" count="5" type="cond" truecount="2" falsecount="0"/>
        <line num="19" count="3" type="stmt"/>
        <line num="22" count="2" type="cond" truecount="2" falsecount="0"/>
        <line num="23" count="1" type="stmt"/>
        <line num="26" count="1" type="stmt"/>
      </file>
    </package>
    <package name="src.components.MonthlyChart">
      <metrics statements="14" coveredstatements="11" conditionals="6" coveredconditionals="6" methods="8" coveredmethods="5"/>
      <file name="ChartHeader.jsx" path="C:\Users\yanevg\OneDrive - Posten Norge\Documents\Bring Documents\React\Dashboard-Telerik\src\components\MonthlyChart\ChartHeader.jsx">
        <metrics statements="3" coveredstatements="3" conditionals="2" coveredconditionals="2" methods="3" coveredmethods="3"/>
        <line num="2" count="4" type="stmt"/>
        <line num="10" count="16" type="stmt"/>
        <line num="12" count="1" type="stmt"/>
      </file>
      <file name="MonthlyChart.jsx" path="C:\Users\yanevg\OneDrive - Posten Norge\Documents\Bring Documents\React\Dashboard-Telerik\src\components\MonthlyChart\MonthlyChart.jsx">
        <metrics statements="7" coveredstatements="7" conditionals="4" coveredconditionals="4" methods="1" coveredmethods="1"/>
        <line num="9" count="3" type="stmt"/>
        <line num="10" count="3" type="stmt"/>
        <line num="12" count="3" type="cond" truecount="2" falsecount="0"/>
        <line num="13" count="1" type="stmt"/>
        <line num="16" count="2" type="cond" truecount="2" falsecount="0"/>
        <line num="17" count="1" type="stmt"/>
        <line num="20" count="1" type="stmt"/>
      </file>
      <file name="MonthlyLineChart.jsx" path="C:\Users\yanevg\OneDrive - Posten Norge\Documents\Bring Documents\React\Dashboard-Telerik\src\components\MonthlyChart\MonthlyLineChart.jsx">
        <metrics statements="4" coveredstatements="1" conditionals="0" coveredconditionals="0" methods="4" coveredmethods="1"/>
        <line num="13" count="6" type="stmt"/>
        <line num="20" count="0" type="stmt"/>
        <line num="24" count="0" type="stmt"/>
        <line num="25" count="0" type="stmt"/>
      </file>
    </package>
    <package name="src.components.Profile">
      <metrics statements="4" coveredstatements="4" conditionals="9" coveredconditionals="8" methods="4" coveredmethods="4"/>
      <file name="ProfileAvatar.jsx" path="C:\Users\yanevg\OneDrive - Posten Norge\Documents\Bring Documents\React\Dashboard-Telerik\src\components\Profile\ProfileAvatar.jsx">
        <metrics statements="1" coveredstatements="1" conditionals="4" coveredconditionals="3" methods="1" coveredmethods="1"/>
        <line num="2" count="32" type="stmt"/>
      </file>
      <file name="ProfileField.jsx" path="C:\Users\yanevg\OneDrive - Posten Norge\Documents\Bring Documents\React\Dashboard-Telerik\src\components\Profile\ProfileField.jsx">
        <metrics statements="1" coveredstatements="1" conditionals="3" coveredconditionals="3" methods="1" coveredmethods="1"/>
        <line num="2" count="96" type="stmt"/>
      </file>
      <file name="ProfileForm.jsx" path="C:\Users\yanevg\OneDrive - Posten Norge\Documents\Bring Documents\React\Dashboard-Telerik\src\components\Profile\ProfileForm.jsx">
        <metrics statements="1" coveredstatements="1" conditionals="2" coveredconditionals="2" methods="1" coveredmethods="1"/>
        <line num="12" count="12" type="stmt"/>
      </file>
      <file name="ProfileView.jsx" path="C:\Users\yanevg\OneDrive - Posten Norge\Documents\Bring Documents\React\Dashboard-Telerik\src\components\Profile\ProfileView.jsx">
        <metrics statements="1" coveredstatements="1" conditionals="0" coveredconditionals="0" methods="1" coveredmethods="1"/>
        <line num="5" count="20" type="stmt"/>
      </file>
    </package>
    <package name="src.components.StocksList">
      <metrics statements="37" coveredstatements="34" conditionals="36" coveredconditionals="34" methods="14" coveredmethods="12"/>
      <file name="StocksTable.jsx" path="C:\Users\yanevg\OneDrive - Posten Norge\Documents\Bring Documents\React\Dashboard-Telerik\src\components\StocksList\StocksTable.jsx">
        <metrics statements="36" coveredstatements="33" conditionals="36" coveredconditionals="34" methods="14" coveredmethods="12"/>
        <line num="7" count="2" type="stmt"/>
        <line num="8" count="14" type="stmt"/>
        <line num="9" count="14" type="stmt"/>
        <line num="10" count="22" type="stmt"/>
        <line num="11" count="22" type="stmt"/>
        <line num="12" count="14" type="stmt"/>
        <line num="14" count="14" type="stmt"/>
        <line num="15" count="6" type="stmt"/>
        <line num="16" count="6" type="cond" truecount="4" falsecount="0"/>
        <line num="17" count="3" type="stmt"/>
        <line num="19" count="6" type="stmt"/>
        <line num="22" count="14" type="stmt"/>
        <line num="23" count="14" type="stmt"/>
        <line num="26" count="14" type="cond" truecount="2" falsecount="0"/>
        <line num="27" count="5" type="stmt"/>
        <line num="29" count="25" type="cond" truecount="2" falsecount="0"/>
        <line num="35" count="14" type="cond" truecount="2" falsecount="0"/>
        <line num="36" count="6" type="stmt"/>
        <line num="37" count="49" type="stmt"/>
        <line num="38" count="49" type="stmt"/>
        <line num="40" count="49" type="cond" truecount="4" falsecount="0"/>
        <line num="41" count="32" type="stmt"/>
        <line num="42" count="32" type="stmt"/>
        <line num="45" count="49" type="cond" truecount="4" falsecount="0"/>
        <line num="46" count="28" type="cond" truecount="3" falsecount="1"/>
        <line num="47" count="0" type="stmt"/>
        <line num="51" count="14" type="stmt"/>
        <line num="54" count="14" type="stmt"/>
        <line num="55" count="0" type="stmt"/>
        <line num="58" count="14" type="stmt"/>
        <line num="69" count="5" type="stmt"/>
        <line num="79" count="2" type="stmt"/>
        <line num="87" count="2" type="stmt"/>
        <line num="95" count="2" type="stmt"/>
        <line num="107" count="50" type="stmt"/>
        <line num="109" count="0" type="stmt"/>
      </file>
      <file name="stocksData.js" path="C:\Users\yanevg\OneDrive - Posten Norge\Documents\Bring Documents\React\Dashboard-Telerik\src\components\StocksList\stocksData.js">
        <metrics statements="1" coveredstatements="1" conditionals="0" coveredconditionals="0" methods="0" coveredmethods="0"/>
        <line num="1" count="2" type="stmt"/>
      </file>
    </package>
    <package name="src.components.common">
      <metrics statements="2" coveredstatements="2" conditionals="2" coveredconditionals="2" methods="2" coveredmethods="2"/>
      <file name="EmptyState.jsx" path="C:\Users\yanevg\OneDrive - Posten Norge\Documents\Bring Documents\React\Dashboard-Telerik\src\components\common\EmptyState.jsx">
        <metrics statements="1" coveredstatements="1" conditionals="1" coveredconditionals="1" methods="1" coveredmethods="1"/>
        <line num="2" count="2" type="stmt"/>
      </file>
      <file name="LoadingMessage.jsx" path="C:\Users\yanevg\OneDrive - Posten Norge\Documents\Bring Documents\React\Dashboard-Telerik\src\components\common\LoadingMessage.jsx">
        <metrics statements="1" coveredstatements="1" conditionals="1" coveredconditionals="1" methods="1" coveredmethods="1"/>
        <line num="2" count="2" type="stmt"/>
      </file>
    </package>
    <package name="src.firebase">
      <metrics statements="15" coveredstatements="4" conditionals="2" coveredconditionals="0" methods="5" coveredmethods="0"/>
      <file name="auth.js" path="C:\Users\yanevg\OneDrive - Posten Norge\Documents\Bring Documents\React\Dashboard-Telerik\src\firebase\auth.js">
        <metrics statements="11" coveredstatements="0" conditionals="2" coveredconditionals="0" methods="5" coveredmethods="0"/>
        <line num="11" count="0" type="stmt"/>
        <line num="16" count="0" type="stmt"/>
        <line num="18" count="0" type="stmt"/>
        <line num="27" count="0" type="stmt"/>
        <line num="31" count="0" type="stmt"/>
        <line num="35" count="0" type="stmt"/>
        <line num="39" count="0" type="stmt"/>
        <line num="40" count="0" type="stmt"/>
        <line num="41" count="0" type="cond" truecount="0" falsecount="2"/>
        <line num="45" count="0" type="stmt"/>
        <line num="46" count="0" type="stmt"/>
      </file>
      <file name="config.js" path="C:\Users\yanevg\OneDrive - Posten Norge\Documents\Bring Documents\React\Dashboard-Telerik\src\firebase\config.js">
        <metrics statements="4" coveredstatements="4" conditionals="0" coveredconditionals="0" methods="0" coveredmethods="0"/>
        <line num="5" count="4" type="stmt"/>
        <line num="13" count="4" type="stmt"/>
        <line num="14" count="4" type="stmt"/>
        <line num="15" count="4" type="stmt"/>
      </file>
    </package>
    <package name="src.hooks">
      <metrics statements="17" coveredstatements="17" conditionals="5" coveredconditionals="5" methods="5" coveredmethods="5"/>
      <file name="useMonthlyChartData.js" path="C:\Users\yanevg\OneDrive - Posten Norge\Documents\Bring Documents\React\Dashboard-Telerik\src\hooks\useMonthlyChartData.js">
        <metrics statements="17" coveredstatements="17" conditionals="5" coveredconditionals="5" methods="5" coveredmethods="5"/>
        <line num="5" count="13" type="stmt"/>
        <line num="6" count="13" type="stmt"/>
        <line num="8" count="13" type="stmt"/>
        <line num="9" count="5" type="cond" truecount="2" falsecount="0"/>
        <line num="11" count="4" type="stmt"/>
        <line num="12" count="4" type="stmt"/>
        <line num="13" count="4" type="stmt"/>
        <line num="14" count="4" type="stmt"/>
        <line num="15" count="3" type="cond" truecount="2" falsecount="0"/>
        <line num="16" count="2" type="stmt"/>
        <line num="17" count="3" type="stmt"/>
        <line num="19" count="4" type="stmt"/>
        <line num="25" count="2" type="stmt"/>
        <line num="28" count="1" type="stmt"/>
        <line num="30" count="4" type="stmt"/>
        <line num="34" count="4" type="stmt"/>
        <line num="37" count="13" type="stmt"/>
      </file>
    </package>
    <package name="src.pages">
      <metrics statements="147" coveredstatements="118" conditionals="97" coveredconditionals="67" methods="32" coveredmethods="22"/>
      <file name="Dashboard.jsx" path="C:\Users\yanevg\OneDrive - Posten Norge\Documents\Bring Documents\React\Dashboard-Telerik\src\pages\Dashboard.jsx">
        <metrics statements="24" coveredstatements="18" conditionals="19" coveredconditionals="10" methods="7" coveredmethods="5"/>
        <line num="8" count="9" type="stmt"/>
        <line num="9" count="9" type="stmt"/>
        <line num="15" count="9" type="stmt"/>
        <line num="16" count="6" type="stmt"/>
        <line num="17" count="6" type="stmt"/>
        <line num="18" count="6" type="cond" truecount="2" falsecount="0"/>
        <line num="20" count="4" type="stmt"/>
        <line num="21" count="4" type="stmt"/>
        <line num="22" count="3" type="cond" truecount="1" falsecount="1"/>
        <line num="23" count="3" type="stmt"/>
        <line num="29" count="3" type="stmt"/>
        <line num="30" count="3" type="stmt"/>
        <line num="33" count="0" type="stmt"/>
        <line num="34" count="0" type="cond" truecount="0" falsecount="2"/>
        <line num="35" count="0" type="stmt"/>
        <line num="40" count="1" type="stmt"/>
        <line num="41" count="1" type="cond" truecount="1" falsecount="1"/>
        <line num="42" count="1" type="stmt"/>
        <line num="48" count="6" type="stmt"/>
        <line num="52" count="0" type="stmt"/>
        <line num="53" count="0" type="stmt"/>
        <line num="54" count="0" type="stmt"/>
        <line num="58" count="9" type="stmt"/>
        <line num="84" count="1" type="stmt"/>
      </file>
      <file name="Login.jsx" path="C:\Users\yanevg\OneDrive - Posten Norge\Documents\Bring Documents\React\Dashboard-Telerik\src\pages\Login.jsx">
        <metrics statements="23" coveredstatements="23" conditionals="17" coveredconditionals="12" methods="5" coveredmethods="5"/>
        <line num="6" count="155" type="stmt"/>
        <line num="7" count="155" type="stmt"/>
        <line num="8" count="155" type="stmt"/>
        <line num="9" count="155" type="stmt"/>
        <line num="10" count="155" type="stmt"/>
        <line num="12" count="155" type="stmt"/>
        <line num="13" count="4" type="stmt"/>
        <line num="14" count="4" type="stmt"/>
        <line num="15" count="4" type="stmt"/>
        <line num="17" count="4" type="stmt"/>
        <line num="18" count="4" type="stmt"/>
        <line num="19" count="3" type="stmt"/>
        <line num="21" count="3" type="stmt"/>
        <line num="22" count="3" type="cond" truecount="2" falsecount="0"/>
        <line num="23" count="2" type="stmt"/>
        <line num="30" count="1" type="stmt"/>
        <line num="37" count="3" type="stmt"/>
        <line num="39" count="1" type="stmt"/>
        <line num="41" count="4" type="stmt"/>
        <line num="45" count="155" type="stmt"/>
        <line num="63" count="80" type="stmt"/>
        <line num="74" count="57" type="stmt"/>
        <line num="95" count="1" type="stmt"/>
      </file>
      <file name="Profile.jsx" path="C:\Users\yanevg\OneDrive - Posten Norge\Documents\Bring Documents\React\Dashboard-Telerik\src\pages\Profile.jsx">
        <metrics statements="60" coveredstatements="40" conditionals="32" coveredconditionals="22" methods="15" coveredmethods="7"/>
        <line num="8" count="26" type="stmt"/>
        <line num="9" count="26" type="stmt"/>
        <line num="15" count="26" type="stmt"/>
        <line num="16" count="26" type="stmt"/>
        <line num="17" count="26" type="stmt"/>
        <line num="18" count="26" type="stmt"/>
        <line num="19" count="26" type="stmt"/>
        <line num="22" count="26" type="stmt"/>
        <line num="23" count="6" type="stmt"/>
        <line num="24" count="6" type="cond" truecount="1" falsecount="1"/>
        <line num="25" count="6" type="stmt"/>
        <line num="26" count="6" type="stmt"/>
        <line num="27" count="6" type="stmt"/>
        <line num="28" count="6" type="cond" truecount="1" falsecount="1"/>
        <line num="29" count="6" type="stmt"/>
        <line num="36" count="0" type="stmt"/>
        <line num="42" count="0" type="stmt"/>
        <line num="45" count="0" type="stmt"/>
        <line num="46" count="0" type="stmt"/>
        <line num="50" count="6" type="stmt"/>
        <line num="53" count="26" type="stmt"/>
        <line num="54" count="0" type="stmt"/>
        <line num="55" count="0" type="stmt"/>
        <line num="61" count="26" type="stmt"/>
        <line num="62" count="0" type="stmt"/>
        <line num="63" count="0" type="cond" truecount="0" falsecount="2"/>
        <line num="64" count="0" type="stmt"/>
        <line num="65" count="0" type="stmt"/>
        <line num="66" count="0" type="stmt"/>
        <line num="71" count="0" type="stmt"/>
        <line num="75" count="26" type="stmt"/>
        <line num="76" count="4" type="stmt"/>
        <line num="77" count="4" type="stmt"/>
        <line num="78" count="4" type="stmt"/>
        <line num="81" count="26" type="stmt"/>
        <line num="82" count="0" type="stmt"/>
        <line num="85" count="26" type="stmt"/>
        <line num="86" count="2" type="stmt"/>
        <line num="87" count="2" type="stmt"/>
        <line num="88" count="2" type="stmt"/>
        <line num="90" count="2" type="stmt"/>
        <line num="91" count="2" type="cond" truecount="4" falsecount="1"/>
        <line num="92" count="0" type="stmt"/>
        <line num="93" count="0" type="stmt"/>
        <line num="94" count="0" type="stmt"/>
        <line num="97" count="2" type="cond" truecount="1" falsecount="1"/>
        <line num="98" count="0" type="stmt"/>
        <line num="99" count="0" type="stmt"/>
        <line num="100" count="0" type="stmt"/>
        <line num="103" count="2" type="stmt"/>
        <line num="110" count="1" type="stmt"/>
        <line num="112" count="1" type="stmt"/>
        <line num="113" count="1" type="stmt"/>
        <line num="114" count="1" type="stmt"/>
        <line num="116" count="1" type="stmt"/>
        <line num="117" count="0" type="stmt"/>
        <line num="120" count="1" type="cond" truecount="1" falsecount="1"/>
        <line num="121" count="1" type="stmt"/>
        <line num="125" count="26" type="stmt"/>
        <line num="134" count="1" type="stmt"/>
      </file>
      <file name="SignUp.jsx" path="C:\Users\yanevg\OneDrive - Posten Norge\Documents\Bring Documents\React\Dashboard-Telerik\src\pages\SignUp.jsx">
        <metrics statements="40" coveredstatements="37" conditionals="29" coveredconditionals="23" methods="5" coveredmethods="5"/>
        <line num="6" count="445" type="stmt"/>
        <line num="14" count="445" type="stmt"/>
        <line num="15" count="445" type="stmt"/>
        <line num="16" count="445" type="stmt"/>
        <line num="18" count="445" type="stmt"/>
        <line num="19" count="426" type="stmt"/>
        <line num="20" count="426" type="stmt"/>
        <line num="26" count="445" type="stmt"/>
        <line num="27" count="6" type="stmt"/>
        <line num="28" count="6" type="stmt"/>
        <line num="29" count="6" type="stmt"/>
        <line num="31" count="6" type="stmt"/>
        <line num="33" count="6" type="cond" truecount="1" falsecount="1"/>
        <line num="39" count="0" type="stmt"/>
        <line num="40" count="0" type="stmt"/>
        <line num="41" count="0" type="stmt"/>
        <line num="44" count="6" type="cond" truecount="2" falsecount="0"/>
        <line num="45" count="1" type="stmt"/>
        <line num="46" count="1" type="stmt"/>
        <line num="47" count="1" type="stmt"/>
        <line num="50" count="5" type="cond" truecount="2" falsecount="0"/>
        <line num="51" count="1" type="stmt"/>
        <line num="52" count="1" type="stmt"/>
        <line num="53" count="1" type="stmt"/>
        <line num="56" count="4" type="cond" truecount="2" falsecount="0"/>
        <line num="57" count="1" type="stmt"/>
        <line num="58" count="1" type="stmt"/>
        <line num="59" count="1" type="stmt"/>
        <line num="63" count="3" type="stmt"/>
        <line num="64" count="3" type="stmt"/>
        <line num="72" count="2" type="stmt"/>
        <line num="73" count="2" type="cond" truecount="2" falsecount="0"/>
        <line num="74" count="1" type="stmt"/>
        <line num="81" count="1" type="stmt"/>
        <line num="88" count="2" type="stmt"/>
        <line num="89" count="2" type="stmt"/>
        <line num="91" count="1" type="cond" truecount="1" falsecount="1"/>
        <line num="93" count="6" type="stmt"/>
        <line num="97" count="445" type="stmt"/>
        <line num="210" count="1" type="stmt"/>
      </file>
    </package>
    <package name="src.services">
      <metrics statements="21" coveredstatements="7" conditionals="7" coveredconditionals="0" methods="6" coveredmethods="0"/>
      <file name="alphaVantage.js" path="C:\Users\yanevg\OneDrive - Posten Norge\Documents\Bring Documents\React\Dashboard-Telerik\src\services\alphaVantage.js">
        <metrics statements="21" coveredstatements="7" conditionals="7" coveredconditionals="0" methods="6" coveredmethods="0"/>
        <line num="1" count="1" type="stmt"/>
        <line num="2" count="1" type="stmt"/>
        <line num="4" count="1" type="stmt"/>
        <line num="6" count="1" type="stmt"/>
        <line num="7" count="0" type="stmt"/>
        <line num="8" count="0" type="stmt"/>
        <line num="11" count="0" type="stmt"/>
        <line num="12" count="0" type="cond" truecount="0" falsecount="2"/>
        <line num="14" count="0" type="stmt"/>
        <line num="15" count="0" type="stmt"/>
        <line num="19" count="1" type="cond" truecount="0" falsecount="1"/>
        <line num="20" count="0" type="stmt"/>
        <line num="21" count="0" type="cond" truecount="0" falsecount="2"/>
        <line num="24" count="1" type="stmt"/>
        <line num="25" count="0" type="stmt"/>
        <line num="26" count="0" type="stmt"/>
        <line num="29" count="0" type="stmt"/>
        <line num="30" count="0" type="cond" truecount="0" falsecount="2"/>
        <line num="32" count="0" type="stmt"/>
        <line num="33" count="0" type="stmt"/>
        <line num="37" count="1" type="stmt"/>
      </file>
    </package>
    <package name="src.store">
      <metrics statements="6" coveredstatements="4" conditionals="2" coveredconditionals="0" methods="2" coveredmethods="1"/>
      <file name="stocksSlice.js" path="C:\Users\yanevg\OneDrive - Posten Norge\Documents\Bring Documents\React\Dashboard-Telerik\src\store\stocksSlice.js">
        <metrics statements="6" coveredstatements="4" conditionals="2" coveredconditionals="0" methods="2" coveredmethods="1"/>
        <line num="3" count="2" type="stmt"/>
        <line num="8" count="2" type="stmt"/>
        <line num="13" count="5" type="stmt"/>
        <line num="16" count="0" type="stmt"/>
        <line num="17" count="0" type="cond" truecount="0" falsecount="2"/>
        <line num="22" count="2" type="stmt"/>
      </file>
    </package>
  </project>
</coverage>
