{"C:\\Users\\yanevg\\OneDrive - Posten Norge\\Documents\\Bring Documents\\React\\Dashboard-Telerik\\src\\App.jsx": {"path":"C:\\Users\\yanevg\\OneDrive - Posten Norge\\Documents\\Bring Documents\\React\\Dashboard-Telerik\\src\\App.jsx","statementMap":{"0":{"start":{"line":10,"column":26},"end":{"line":10,"column":null}},"1":{"start":{"line":12,"column":2},"end":{"line":39,"column":null}}},"fnMap":{"0":{"name":"App","decl":{"start":{"line":9,"column":24},"end":{"line":9,"column":30}},"loc":{"start":{"line":9,"column":30},"end":{"line":41,"column":null}},"line":9}},"branchMap":{"0":{"loc":{"start":{"line":18,"column":12},"end":{"line":18,"column":null}},"type":"cond-expr","locations":[{"start":{"line":18,"column":30},"end":{"line":18,"column":69}},{"start":{"line":18,"column":69},"end":{"line":18,"column":null}}],"line":18},"1":{"loc":{"start":{"line":24,"column":12},"end":{"line":24,"column":null}},"type":"cond-expr","locations":[{"start":{"line":24,"column":30},"end":{"line":24,"column":69}},{"start":{"line":24,"column":69},"end":{"line":24,"column":null}}],"line":24}},"s":{"0":3,"1":3},"f":{"0":3},"b":{"0":[1,2],"1":[1,2]},"meta":{"lastBranch":2,"lastFunction":1,"lastStatement":2,"seen":{"f:9:24:9:30":0,"s:10:26:10:Infinity":0,"s:12:2:39:Infinity":1,"b:18:30:18:69:18:69:18:Infinity":0,"b:24:30:24:69:24:69:24:Infinity":1}}}
,"C:\\Users\\yanevg\\OneDrive - Posten Norge\\Documents\\Bring Documents\\React\\Dashboard-Telerik\\src\\components\\ProtectedRoute.jsx": {"path":"C:\\Users\\yanevg\\OneDrive - Posten Norge\\Documents\\Bring Documents\\React\\Dashboard-Telerik\\src\\components\\ProtectedRoute.jsx","statementMap":{"0":{"start":{"line":6,"column":22},"end":{"line":6,"column":null}},"1":{"start":{"line":7,"column":28},"end":{"line":7,"column":null}},"2":{"start":{"line":9,"column":2},"end":{"line":16,"column":null}},"3":{"start":{"line":10,"column":10},"end":{"line":13,"column":null}},"4":{"start":{"line":11,"column":6},"end":{"line":11,"column":null}},"5":{"start":{"line":12,"column":6},"end":{"line":12,"column":null}},"6":{"start":{"line":15,"column":4},"end":{"line":15,"column":null}},"7":{"start":{"line":18,"column":2},"end":{"line":20,"column":null}},"8":{"start":{"line":19,"column":4},"end":{"line":19,"column":null}},"9":{"start":{"line":22,"column":2},"end":{"line":24,"column":null}},"10":{"start":{"line":23,"column":4},"end":{"line":23,"column":null}},"11":{"start":{"line":26,"column":2},"end":{"line":26,"column":null}}},"fnMap":{"0":{"name":"ProtectedRoute","decl":{"start":{"line":5,"column":24},"end":{"line":5,"column":39}},"loc":{"start":{"line":5,"column":53},"end":{"line":27,"column":null}},"line":5},"1":{"name":"(anonymous_1)","decl":{"start":{"line":9,"column":12},"end":{"line":9,"column":18}},"loc":{"start":{"line":9,"column":18},"end":{"line":16,"column":5}},"line":9},"2":{"name":"(anonymous_2)","decl":{"start":{"line":10,"column":49},"end":{"line":10,"column":50}},"loc":{"start":{"line":10,"column":59},"end":{"line":13,"column":5}},"line":10}},"branchMap":{"0":{"loc":{"start":{"line":18,"column":2},"end":{"line":20,"column":null}},"type":"if","locations":[{"start":{"line":18,"column":2},"end":{"line":20,"column":null}},{"start":{},"end":{}}],"line":18},"1":{"loc":{"start":{"line":22,"column":2},"end":{"line":24,"column":null}},"type":"if","locations":[{"start":{"line":22,"column":2},"end":{"line":24,"column":null}},{"start":{},"end":{}}],"line":22}},"s":{"0":5,"1":5,"2":5,"3":3,"4":3,"5":3,"6":3,"7":5,"8":3,"9":2,"10":1,"11":1},"f":{"0":5,"1":3,"2":3},"b":{"0":[3,2],"1":[1,1]},"meta":{"lastBranch":2,"lastFunction":3,"lastStatement":12,"seen":{"f:5:24:5:39":0,"s:6:22:6:Infinity":0,"s:7:28:7:Infinity":1,"s:9:2:16:Infinity":2,"f:9:12:9:18":1,"s:10:10:13:Infinity":3,"f:10:49:10:50":2,"s:11:6:11:Infinity":4,"s:12:6:12:Infinity":5,"s:15:4:15:Infinity":6,"b:18:2:20:Infinity:undefined:undefined:undefined:undefined":0,"s:18:2:20:Infinity":7,"s:19:4:19:Infinity":8,"b:22:2:24:Infinity:undefined:undefined:undefined:undefined":1,"s:22:2:24:Infinity":9,"s:23:4:23:Infinity":10,"s:26:2:26:Infinity":11}}}
,"C:\\Users\\yanevg\\OneDrive - Posten Norge\\Documents\\Bring Documents\\React\\Dashboard-Telerik\\src\\components\\MonthlyChart\\ChartHeader.jsx": {"path":"C:\\Users\\yanevg\\OneDrive - Posten Norge\\Documents\\Bring Documents\\React\\Dashboard-Telerik\\src\\components\\MonthlyChart\\ChartHeader.jsx","statementMap":{"0":{"start":{"line":2,"column":4},"end":{"line":23,"column":null}},"1":{"start":{"line":10,"column":20},"end":{"line":20,"column":null}},"2":{"start":{"line":12,"column":39},"end":{"line":12,"column":null}}},"fnMap":{"0":{"name":"ChartHeader","decl":{"start":{"line":1,"column":24},"end":{"line":1,"column":36}},"loc":{"start":{"line":1,"column":83},"end":{"line":25,"column":null}},"line":1},"1":{"name":"(anonymous_1)","decl":{"start":{"line":9,"column":36},"end":{"line":9,"column":37}},"loc":{"start":{"line":10,"column":20},"end":{"line":20,"column":null}},"line":10},"2":{"name":"(anonymous_2)","decl":{"start":{"line":12,"column":33},"end":{"line":12,"column":39}},"loc":{"start":{"line":12,"column":39},"end":{"line":12,"column":null}},"line":12}},"branchMap":{"0":{"loc":{"start":{"line":14,"column":28},"end":{"line":16,"column":null}},"type":"cond-expr","locations":[{"start":{"line":15,"column":34},"end":{"line":15,"column":null}},{"start":{"line":16,"column":34},"end":{"line":16,"column":null}}],"line":14}},"s":{"0":4,"1":16,"2":1},"f":{"0":4,"1":16,"2":1},"b":{"0":[4,12]},"meta":{"lastBranch":1,"lastFunction":3,"lastStatement":3,"seen":{"f:1:24:1:36":0,"s:2:4:23:Infinity":0,"f:9:36:9:37":1,"s:10:20:20:Infinity":1,"f:12:33:12:39":2,"s:12:39:12:Infinity":2,"b:15:34:15:Infinity:16:34:16:Infinity":0}}}
,"C:\\Users\\yanevg\\OneDrive - Posten Norge\\Documents\\Bring Documents\\React\\Dashboard-Telerik\\src\\components\\MonthlyChart\\MonthlyChart.jsx": {"path":"C:\\Users\\yanevg\\OneDrive - Posten Norge\\Documents\\Bring Documents\\React\\Dashboard-Telerik\\src\\components\\MonthlyChart\\MonthlyChart.jsx","statementMap":{"0":{"start":{"line":9,"column":36},"end":{"line":9,"column":null}},"1":{"start":{"line":10,"column":31},"end":{"line":10,"column":null}},"2":{"start":{"line":12,"column":4},"end":{"line":14,"column":null}},"3":{"start":{"line":13,"column":8},"end":{"line":13,"column":null}},"4":{"start":{"line":16,"column":4},"end":{"line":18,"column":null}},"5":{"start":{"line":17,"column":8},"end":{"line":17,"column":null}},"6":{"start":{"line":20,"column":4},"end":{"line":28,"column":null}}},"fnMap":{"0":{"name":"MonthlyChart","decl":{"start":{"line":8,"column":24},"end":{"line":8,"column":37}},"loc":{"start":{"line":8,"column":57},"end":{"line":30,"column":null}},"line":8}},"branchMap":{"0":{"loc":{"start":{"line":12,"column":4},"end":{"line":14,"column":null}},"type":"if","locations":[{"start":{"line":12,"column":4},"end":{"line":14,"column":null}},{"start":{},"end":{}}],"line":12},"1":{"loc":{"start":{"line":16,"column":4},"end":{"line":18,"column":null}},"type":"if","locations":[{"start":{"line":16,"column":4},"end":{"line":18,"column":null}},{"start":{},"end":{}}],"line":16}},"s":{"0":3,"1":3,"2":3,"3":1,"4":2,"5":1,"6":1},"f":{"0":3},"b":{"0":[1,2],"1":[1,1]},"meta":{"lastBranch":2,"lastFunction":1,"lastStatement":7,"seen":{"f:8:24:8:37":0,"s:9:36:9:Infinity":0,"s:10:31:10:Infinity":1,"b:12:4:14:Infinity:undefined:undefined:undefined:undefined":0,"s:12:4:14:Infinity":2,"s:13:8:13:Infinity":3,"b:16:4:18:Infinity:undefined:undefined:undefined:undefined":1,"s:16:4:18:Infinity":4,"s:17:8:17:Infinity":5,"s:20:4:28:Infinity":6}}}
,"C:\\Users\\yanevg\\OneDrive - Posten Norge\\Documents\\Bring Documents\\React\\Dashboard-Telerik\\src\\components\\MonthlyChart\\MonthlyLineChart.jsx": {"path":"C:\\Users\\yanevg\\OneDrive - Posten Norge\\Documents\\Bring Documents\\React\\Dashboard-Telerik\\src\\components\\MonthlyChart\\MonthlyLineChart.jsx","statementMap":{"0":{"start":{"line":13,"column":4},"end":{"line":37,"column":null}},"1":{"start":{"line":20,"column":45},"end":{"line":20,"column":null}},"2":{"start":{"line":24,"column":42},"end":{"line":24,"column":null}},"3":{"start":{"line":25,"column":47},"end":{"line":25,"column":null}}},"fnMap":{"0":{"name":"MonthlyLineChart","decl":{"start":{"line":12,"column":24},"end":{"line":12,"column":41}},"loc":{"start":{"line":12,"column":56},"end":{"line":39,"column":null}},"line":12},"1":{"name":"(anonymous_1)","decl":{"start":{"line":20,"column":35},"end":{"line":20,"column":36}},"loc":{"start":{"line":20,"column":45},"end":{"line":20,"column":null}},"line":20},"2":{"name":"(anonymous_2)","decl":{"start":{"line":24,"column":31},"end":{"line":24,"column":32}},"loc":{"start":{"line":24,"column":42},"end":{"line":24,"column":null}},"line":24},"3":{"name":"(anonymous_3)","decl":{"start":{"line":25,"column":36},"end":{"line":25,"column":37}},"loc":{"start":{"line":25,"column":47},"end":{"line":25,"column":null}},"line":25}},"branchMap":{},"s":{"0":6,"1":0,"2":0,"3":0},"f":{"0":6,"1":0,"2":0,"3":0},"b":{},"meta":{"lastBranch":0,"lastFunction":4,"lastStatement":4,"seen":{"f:12:24:12:41":0,"s:13:4:37:Infinity":0,"f:20:35:20:36":1,"s:20:45:20:Infinity":1,"f:24:31:24:32":2,"s:24:42:24:Infinity":2,"f:25:36:25:37":3,"s:25:47:25:Infinity":3}}}
,"C:\\Users\\yanevg\\OneDrive - Posten Norge\\Documents\\Bring Documents\\React\\Dashboard-Telerik\\src\\components\\Profile\\ProfileAvatar.jsx": {"path":"C:\\Users\\yanevg\\OneDrive - Posten Norge\\Documents\\Bring Documents\\React\\Dashboard-Telerik\\src\\components\\Profile\\ProfileAvatar.jsx","statementMap":{"0":{"start":{"line":2,"column":4},"end":{"line":27,"column":null}}},"fnMap":{"0":{"name":"ProfileAvatar","decl":{"start":{"line":1,"column":24},"end":{"line":1,"column":38}},"loc":{"start":{"line":1,"column":91},"end":{"line":29,"column":null}},"line":1}},"branchMap":{"0":{"loc":{"start":{"line":4,"column":13},"end":{"line":13,"column":null}},"type":"cond-expr","locations":[{"start":{"line":5,"column":16},"end":{"line":9,"column":null}},{"start":{"line":11,"column":16},"end":{"line":13,"column":null}}],"line":4},"1":{"loc":{"start":{"line":15,"column":13},"end":{"line":25,"column":null}},"type":"binary-expr","locations":[{"start":{"line":15,"column":13},"end":{"line":15,"column":null}},{"start":{"line":16,"column":16},"end":{"line":25,"column":null}}],"line":15}},"s":{"0":32},"f":{"0":32},"b":{"0":[0,32],"1":[32,12]},"meta":{"lastBranch":2,"lastFunction":1,"lastStatement":1,"seen":{"f:1:24:1:38":0,"s:2:4:27:Infinity":0,"b:5:16:9:Infinity:11:16:13:Infinity":0,"b:15:13:15:Infinity:16:16:25:Infinity":1}}}
,"C:\\Users\\yanevg\\OneDrive - Posten Norge\\Documents\\Bring Documents\\React\\Dashboard-Telerik\\src\\components\\Profile\\ProfileField.jsx": {"path":"C:\\Users\\yanevg\\OneDrive - Posten Norge\\Documents\\Bring Documents\\React\\Dashboard-Telerik\\src\\components\\Profile\\ProfileField.jsx","statementMap":{"0":{"start":{"line":2,"column":4},"end":{"line":22,"column":null}}},"fnMap":{"0":{"name":"ProfileField","decl":{"start":{"line":1,"column":24},"end":{"line":1,"column":37}},"loc":{"start":{"line":1,"column":96},"end":{"line":24,"column":null}},"line":1}},"branchMap":{"0":{"loc":{"start":{"line":1,"column":79},"end":{"line":1,"column":93}},"type":"default-arg","locations":[{"start":{"line":1,"column":86},"end":{"line":1,"column":93}}],"line":1},"1":{"loc":{"start":{"line":5,"column":13},"end":{"line":20,"column":null}},"type":"cond-expr","locations":[{"start":{"line":6,"column":16},"end":{"line":15,"column":null}},{"start":{"line":17,"column":16},"end":{"line":20,"column":null}}],"line":5}},"s":{"0":96},"f":{"0":96},"b":{"0":[96],"1":[36,60]},"meta":{"lastBranch":2,"lastFunction":1,"lastStatement":1,"seen":{"f:1:24:1:37":0,"b:1:86:1:93":0,"s:2:4:22:Infinity":0,"b:6:16:15:Infinity:17:16:20:Infinity":1}}}
,"C:\\Users\\yanevg\\OneDrive - Posten Norge\\Documents\\Bring Documents\\React\\Dashboard-Telerik\\src\\components\\Profile\\ProfileForm.jsx": {"path":"C:\\Users\\yanevg\\OneDrive - Posten Norge\\Documents\\Bring Documents\\React\\Dashboard-Telerik\\src\\components\\Profile\\ProfileForm.jsx","statementMap":{"0":{"start":{"line":12,"column":4},"end":{"line":32,"column":null}}},"fnMap":{"0":{"name":"ProfileForm","decl":{"start":{"line":4,"column":24},"end":{"line":4,"column":36}},"loc":{"start":{"line":11,"column":3},"end":{"line":34,"column":null}},"line":11}},"branchMap":{"0":{"loc":{"start":{"line":29,"column":21},"end":{"line":29,"column":null}},"type":"cond-expr","locations":[{"start":{"line":29,"column":31},"end":{"line":29,"column":45}},{"start":{"line":29,"column":45},"end":{"line":29,"column":null}}],"line":29}},"s":{"0":12},"f":{"0":12},"b":{"0":[3,9]},"meta":{"lastBranch":1,"lastFunction":1,"lastStatement":1,"seen":{"f:4:24:4:36":0,"s:12:4:32:Infinity":0,"b:29:31:29:45:29:45:29:Infinity":0}}}
,"C:\\Users\\yanevg\\OneDrive - Posten Norge\\Documents\\Bring Documents\\React\\Dashboard-Telerik\\src\\components\\Profile\\ProfileView.jsx": {"path":"C:\\Users\\yanevg\\OneDrive - Posten Norge\\Documents\\Bring Documents\\React\\Dashboard-Telerik\\src\\components\\Profile\\ProfileView.jsx","statementMap":{"0":{"start":{"line":5,"column":4},"end":{"line":30,"column":null}}},"fnMap":{"0":{"name":"ProfileView","decl":{"start":{"line":4,"column":24},"end":{"line":4,"column":36}},"loc":{"start":{"line":4,"column":68},"end":{"line":32,"column":null}},"line":4}},"branchMap":{},"s":{"0":20},"f":{"0":20},"b":{},"meta":{"lastBranch":0,"lastFunction":1,"lastStatement":1,"seen":{"f:4:24:4:36":0,"s:5:4:30:Infinity":0}}}
,"C:\\Users\\yanevg\\OneDrive - Posten Norge\\Documents\\Bring Documents\\React\\Dashboard-Telerik\\src\\components\\StocksList\\StocksTable.jsx": {"path":"C:\\Users\\yanevg\\OneDrive - Posten Norge\\Documents\\Bring Documents\\React\\Dashboard-Telerik\\src\\components\\StocksList\\StocksTable.jsx","statementMap":{"0":{"start":{"line":7,"column":20},"end":{"line":133,"column":null}},"1":{"start":{"line":8,"column":8},"end":{"line":8,"column":null}},"2":{"start":{"line":9,"column":17},"end":{"line":9,"column":null}},"3":{"start":{"line":10,"column":8},"end":{"line":10,"column":null}},"4":{"start":{"line":10,"column":47},"end":{"line":10,"column":74}},"5":{"start":{"line":11,"column":8},"end":{"line":11,"column":null}},"6":{"start":{"line":11,"column":44},"end":{"line":11,"column":67}},"7":{"start":{"line":12,"column":34},"end":{"line":12,"column":null}},"8":{"start":{"line":14,"column":21},"end":{"line":20,"column":null}},"9":{"start":{"line":15,"column":20},"end":{"line":15,"column":null}},"10":{"start":{"line":16,"column":4},"end":{"line":18,"column":null}},"11":{"start":{"line":17,"column":6},"end":{"line":17,"column":null}},"12":{"start":{"line":19,"column":4},"end":{"line":19,"column":null}},"13":{"start":{"line":22,"column":29},"end":{"line":52,"column":null}},"14":{"start":{"line":23,"column":20},"end":{"line":23,"column":null}},"15":{"start":{"line":26,"column":4},"end":{"line":32,"column":null}},"16":{"start":{"line":27,"column":6},"end":{"line":31,"column":null}},"17":{"start":{"line":29,"column":10},"end":{"line":30,"column":null}},"18":{"start":{"line":35,"column":4},"end":{"line":49,"column":null}},"19":{"start":{"line":36,"column":6},"end":{"line":48,"column":null}},"20":{"start":{"line":37,"column":19},"end":{"line":37,"column":null}},"21":{"start":{"line":38,"column":19},"end":{"line":38,"column":null}},"22":{"start":{"line":40,"column":8},"end":{"line":43,"column":null}},"23":{"start":{"line":41,"column":10},"end":{"line":41,"column":null}},"24":{"start":{"line":42,"column":10},"end":{"line":42,"column":null}},"25":{"start":{"line":45,"column":8},"end":{"line":45,"column":null}},"26":{"start":{"line":45,"column":25},"end":{"line":45,"column":null}},"27":{"start":{"line":46,"column":8},"end":{"line":46,"column":null}},"28":{"start":{"line":46,"column":25},"end":{"line":46,"column":null}},"29":{"start":{"line":47,"column":8},"end":{"line":47,"column":null}},"30":{"start":{"line":51,"column":4},"end":{"line":51,"column":null}},"31":{"start":{"line":54,"column":25},"end":{"line":56,"column":null}},"32":{"start":{"line":55,"column":4},"end":{"line":55,"column":null}},"33":{"start":{"line":58,"column":2},"end":{"line":131,"column":null}},"34":{"start":{"line":69,"column":27},"end":{"line":69,"column":null}},"35":{"start":{"line":79,"column":31},"end":{"line":79,"column":null}},"36":{"start":{"line":87,"column":31},"end":{"line":87,"column":null}},"37":{"start":{"line":95,"column":31},"end":{"line":95,"column":null}},"38":{"start":{"line":107,"column":14},"end":{"line":126,"column":null}},"39":{"start":{"line":109,"column":31},"end":{"line":109,"column":null}}},"fnMap":{"0":{"name":"(anonymous_0)","decl":{"start":{"line":7,"column":20},"end":{"line":7,"column":26}},"loc":{"start":{"line":7,"column":26},"end":{"line":133,"column":null}},"line":7},"1":{"name":"(anonymous_1)","decl":{"start":{"line":10,"column":36},"end":{"line":10,"column":37}},"loc":{"start":{"line":10,"column":47},"end":{"line":10,"column":74}},"line":10},"2":{"name":"(anonymous_2)","decl":{"start":{"line":11,"column":33},"end":{"line":11,"column":34}},"loc":{"start":{"line":11,"column":44},"end":{"line":11,"column":67}},"line":11},"3":{"name":"(anonymous_3)","decl":{"start":{"line":14,"column":21},"end":{"line":14,"column":22}},"loc":{"start":{"line":14,"column":30},"end":{"line":20,"column":null}},"line":14},"4":{"name":"(anonymous_4)","decl":{"start":{"line":22,"column":29},"end":{"line":22,"column":35}},"loc":{"start":{"line":22,"column":35},"end":{"line":52,"column":null}},"line":22},"5":{"name":"(anonymous_5)","decl":{"start":{"line":28,"column":8},"end":{"line":28,"column":9}},"loc":{"start":{"line":29,"column":10},"end":{"line":30,"column":null}},"line":29},"6":{"name":"(anonymous_6)","decl":{"start":{"line":36,"column":21},"end":{"line":36,"column":22}},"loc":{"start":{"line":36,"column":31},"end":{"line":48,"column":7}},"line":36},"7":{"name":"(anonymous_7)","decl":{"start":{"line":54,"column":25},"end":{"line":54,"column":26}},"loc":{"start":{"line":54,"column":37},"end":{"line":56,"column":null}},"line":54},"8":{"name":"(anonymous_8)","decl":{"start":{"line":69,"column":20},"end":{"line":69,"column":21}},"loc":{"start":{"line":69,"column":27},"end":{"line":69,"column":null}},"line":69},"9":{"name":"(anonymous_9)","decl":{"start":{"line":79,"column":25},"end":{"line":79,"column":31}},"loc":{"start":{"line":79,"column":31},"end":{"line":79,"column":null}},"line":79},"10":{"name":"(anonymous_10)","decl":{"start":{"line":87,"column":25},"end":{"line":87,"column":31}},"loc":{"start":{"line":87,"column":31},"end":{"line":87,"column":null}},"line":87},"11":{"name":"(anonymous_11)","decl":{"start":{"line":95,"column":25},"end":{"line":95,"column":31}},"loc":{"start":{"line":95,"column":31},"end":{"line":95,"column":null}},"line":95},"12":{"name":"(anonymous_12)","decl":{"start":{"line":106,"column":38},"end":{"line":106,"column":39}},"loc":{"start":{"line":107,"column":14},"end":{"line":126,"column":null}},"line":107},"13":{"name":"(anonymous_13)","decl":{"start":{"line":109,"column":25},"end":{"line":109,"column":31}},"loc":{"start":{"line":109,"column":31},"end":{"line":109,"column":null}},"line":109}},"branchMap":{"0":{"loc":{"start":{"line":16,"column":4},"end":{"line":18,"column":null}},"type":"if","locations":[{"start":{"line":16,"column":4},"end":{"line":18,"column":null}},{"start":{},"end":{}}],"line":16},"1":{"loc":{"start":{"line":16,"column":8},"end":{"line":16,"column":66}},"type":"binary-expr","locations":[{"start":{"line":16,"column":8},"end":{"line":16,"column":34}},{"start":{"line":16,"column":34},"end":{"line":16,"column":66}}],"line":16},"2":{"loc":{"start":{"line":26,"column":4},"end":{"line":32,"column":null}},"type":"if","locations":[{"start":{"line":26,"column":4},"end":{"line":32,"column":null}},{"start":{},"end":{}}],"line":26},"3":{"loc":{"start":{"line":29,"column":10},"end":{"line":30,"column":null}},"type":"binary-expr","locations":[{"start":{"line":29,"column":10},"end":{"line":29,"column":null}},{"start":{"line":30,"column":10},"end":{"line":30,"column":null}}],"line":29},"4":{"loc":{"start":{"line":35,"column":4},"end":{"line":49,"column":null}},"type":"if","locations":[{"start":{"line":35,"column":4},"end":{"line":49,"column":null}},{"start":{},"end":{}}],"line":35},"5":{"loc":{"start":{"line":40,"column":8},"end":{"line":43,"column":null}},"type":"if","locations":[{"start":{"line":40,"column":8},"end":{"line":43,"column":null}},{"start":{},"end":{}}],"line":40},"6":{"loc":{"start":{"line":40,"column":12},"end":{"line":40,"column":71}},"type":"binary-expr","locations":[{"start":{"line":40,"column":12},"end":{"line":40,"column":42}},{"start":{"line":40,"column":42},"end":{"line":40,"column":71}}],"line":40},"7":{"loc":{"start":{"line":45,"column":8},"end":{"line":45,"column":null}},"type":"if","locations":[{"start":{"line":45,"column":8},"end":{"line":45,"column":null}},{"start":{},"end":{}}],"line":45},"8":{"loc":{"start":{"line":45,"column":32},"end":{"line":45,"column":null}},"type":"cond-expr","locations":[{"start":{"line":45,"column":65},"end":{"line":45,"column":70}},{"start":{"line":45,"column":70},"end":{"line":45,"column":null}}],"line":45},"9":{"loc":{"start":{"line":46,"column":8},"end":{"line":46,"column":null}},"type":"if","locations":[{"start":{"line":46,"column":8},"end":{"line":46,"column":null}},{"start":{},"end":{}}],"line":46},"10":{"loc":{"start":{"line":46,"column":32},"end":{"line":46,"column":null}},"type":"cond-expr","locations":[{"start":{"line":46,"column":65},"end":{"line":46,"column":69}},{"start":{"line":46,"column":69},"end":{"line":46,"column":null}}],"line":46},"11":{"loc":{"start":{"line":83,"column":17},"end":{"line":84,"column":null}},"type":"binary-expr","locations":[{"start":{"line":83,"column":17},"end":{"line":83,"column":null}},{"start":{"line":84,"column":19},"end":{"line":84,"column":null}}],"line":83},"12":{"loc":{"start":{"line":84,"column":19},"end":{"line":84,"column":null}},"type":"cond-expr","locations":[{"start":{"line":84,"column":52},"end":{"line":84,"column":58}},{"start":{"line":84,"column":58},"end":{"line":84,"column":null}}],"line":84},"13":{"loc":{"start":{"line":91,"column":17},"end":{"line":92,"column":null}},"type":"binary-expr","locations":[{"start":{"line":91,"column":17},"end":{"line":91,"column":null}},{"start":{"line":92,"column":19},"end":{"line":92,"column":null}}],"line":91},"14":{"loc":{"start":{"line":92,"column":19},"end":{"line":92,"column":null}},"type":"cond-expr","locations":[{"start":{"line":92,"column":52},"end":{"line":92,"column":58}},{"start":{"line":92,"column":58},"end":{"line":92,"column":null}}],"line":92},"15":{"loc":{"start":{"line":99,"column":17},"end":{"line":100,"column":null}},"type":"binary-expr","locations":[{"start":{"line":99,"column":17},"end":{"line":99,"column":null}},{"start":{"line":100,"column":19},"end":{"line":100,"column":null}}],"line":99},"16":{"loc":{"start":{"line":100,"column":19},"end":{"line":100,"column":null}},"type":"cond-expr","locations":[{"start":{"line":100,"column":52},"end":{"line":100,"column":58}},{"start":{"line":100,"column":58},"end":{"line":100,"column":null}}],"line":100},"17":{"loc":{"start":{"line":111,"column":18},"end":{"line":113,"column":null}},"type":"cond-expr","locations":[{"start":{"line":112,"column":22},"end":{"line":112,"column":null}},{"start":{"line":113,"column":22},"end":{"line":113,"column":null}}],"line":111}},"s":{"0":2,"1":14,"2":14,"3":14,"4":22,"5":14,"6":22,"7":14,"8":14,"9":6,"10":6,"11":3,"12":6,"13":14,"14":14,"15":14,"16":5,"17":25,"18":14,"19":6,"20":49,"21":49,"22":49,"23":32,"24":32,"25":49,"26":21,"27":28,"28":28,"29":0,"30":14,"31":14,"32":0,"33":14,"34":5,"35":2,"36":2,"37":2,"38":50,"39":0},"f":{"0":14,"1":22,"2":22,"3":6,"4":14,"5":25,"6":49,"7":0,"8":5,"9":2,"10":2,"11":2,"12":50,"13":0},"b":{"0":[3,3],"1":[6,3],"2":[5,9],"3":[25,20],"4":[6,8],"5":[32,17],"6":[49,33],"7":[21,28],"8":[11,10],"9":[28,0],"10":[12,16],"11":[14,2],"12":[1,1],"13":[14,2],"14":[1,1],"15":[14,2],"16":[1,1],"17":[0,50]},"meta":{"lastBranch":18,"lastFunction":14,"lastStatement":40,"seen":{"s:7:20:133:Infinity":0,"f:7:20:7:26":0,"s:8:8:8:Infinity":1,"s:9:17:9:Infinity":2,"s:10:8:10:Infinity":3,"f:10:36:10:37":1,"s:10:47:10:74":4,"s:11:8:11:Infinity":5,"f:11:33:11:34":2,"s:11:44:11:67":6,"s:12:34:12:Infinity":7,"s:14:21:20:Infinity":8,"f:14:21:14:22":3,"s:15:20:15:Infinity":9,"b:16:4:18:Infinity:undefined:undefined:undefined:undefined":0,"s:16:4:18:Infinity":10,"b:16:8:16:34:16:34:16:66":1,"s:17:6:17:Infinity":11,"s:19:4:19:Infinity":12,"s:22:29:52:Infinity":13,"f:22:29:22:35":4,"s:23:20:23:Infinity":14,"b:26:4:32:Infinity:undefined:undefined:undefined:undefined":2,"s:26:4:32:Infinity":15,"s:27:6:31:Infinity":16,"f:28:8:28:9":5,"s:29:10:30:Infinity":17,"b:29:10:29:Infinity:30:10:30:Infinity":3,"b:35:4:49:Infinity:undefined:undefined:undefined:undefined":4,"s:35:4:49:Infinity":18,"s:36:6:48:Infinity":19,"f:36:21:36:22":6,"s:37:19:37:Infinity":20,"s:38:19:38:Infinity":21,"b:40:8:43:Infinity:undefined:undefined:undefined:undefined":5,"s:40:8:43:Infinity":22,"b:40:12:40:42:40:42:40:71":6,"s:41:10:41:Infinity":23,"s:42:10:42:Infinity":24,"b:45:8:45:Infinity:undefined:undefined:undefined:undefined":7,"s:45:8:45:Infinity":25,"s:45:25:45:Infinity":26,"b:45:65:45:70:45:70:45:Infinity":8,"b:46:8:46:Infinity:undefined:undefined:undefined:undefined":9,"s:46:8:46:Infinity":27,"s:46:25:46:Infinity":28,"b:46:65:46:69:46:69:46:Infinity":10,"s:47:8:47:Infinity":29,"s:51:4:51:Infinity":30,"s:54:25:56:Infinity":31,"f:54:25:54:26":7,"s:55:4:55:Infinity":32,"s:58:2:131:Infinity":33,"f:69:20:69:21":8,"s:69:27:69:Infinity":34,"f:79:25:79:31":9,"s:79:31:79:Infinity":35,"b:83:17:83:Infinity:84:19:84:Infinity":11,"b:84:52:84:58:84:58:84:Infinity":12,"f:87:25:87:31":10,"s:87:31:87:Infinity":36,"b:91:17:91:Infinity:92:19:92:Infinity":13,"b:92:52:92:58:92:58:92:Infinity":14,"f:95:25:95:31":11,"s:95:31:95:Infinity":37,"b:99:17:99:Infinity:100:19:100:Infinity":15,"b:100:52:100:58:100:58:100:Infinity":16,"f:106:38:106:39":12,"s:107:14:126:Infinity":38,"f:109:25:109:31":13,"s:109:31:109:Infinity":39,"b:112:22:112:Infinity:113:22:113:Infinity":17}}}
,"C:\\Users\\yanevg\\OneDrive - Posten Norge\\Documents\\Bring Documents\\React\\Dashboard-Telerik\\src\\components\\StocksList\\stocksData.js": {"path":"C:\\Users\\yanevg\\OneDrive - Posten Norge\\Documents\\Bring Documents\\React\\Dashboard-Telerik\\src\\components\\StocksList\\stocksData.js","statementMap":{"0":{"start":{"line":1,"column":13},"end":{"line":64,"column":1}}},"fnMap":{},"branchMap":{},"s":{"0":2},"f":{},"b":{},"meta":{"lastBranch":0,"lastFunction":0,"lastStatement":1,"seen":{"s:1:13:64:1":0}}}
,"C:\\Users\\yanevg\\OneDrive - Posten Norge\\Documents\\Bring Documents\\React\\Dashboard-Telerik\\src\\components\\common\\EmptyState.jsx": {"path":"C:\\Users\\yanevg\\OneDrive - Posten Norge\\Documents\\Bring Documents\\React\\Dashboard-Telerik\\src\\components\\common\\EmptyState.jsx","statementMap":{"0":{"start":{"line":2,"column":4},"end":{"line":5,"column":null}}},"fnMap":{"0":{"name":"EmptyState","decl":{"start":{"line":1,"column":24},"end":{"line":1,"column":35}},"loc":{"start":{"line":1,"column":80},"end":{"line":7,"column":null}},"line":1}},"branchMap":{"0":{"loc":{"start":{"line":1,"column":37},"end":{"line":1,"column":77}},"type":"default-arg","locations":[{"start":{"line":1,"column":47},"end":{"line":1,"column":77}}],"line":1}},"s":{"0":2},"f":{"0":2},"b":{"0":[2]},"meta":{"lastBranch":1,"lastFunction":1,"lastStatement":1,"seen":{"f:1:24:1:35":0,"b:1:47:1:77":0,"s:2:4:5:Infinity":0}}}
,"C:\\Users\\yanevg\\OneDrive - Posten Norge\\Documents\\Bring Documents\\React\\Dashboard-Telerik\\src\\components\\common\\LoadingMessage.jsx": {"path":"C:\\Users\\yanevg\\OneDrive - Posten Norge\\Documents\\Bring Documents\\React\\Dashboard-Telerik\\src\\components\\common\\LoadingMessage.jsx","statementMap":{"0":{"start":{"line":2,"column":4},"end":{"line":5,"column":null}}},"fnMap":{"0":{"name":"LoadingMessage","decl":{"start":{"line":1,"column":24},"end":{"line":1,"column":39}},"loc":{"start":{"line":1,"column":67},"end":{"line":7,"column":null}},"line":1}},"branchMap":{"0":{"loc":{"start":{"line":1,"column":41},"end":{"line":1,"column":64}},"type":"default-arg","locations":[{"start":{"line":1,"column":51},"end":{"line":1,"column":64}}],"line":1}},"s":{"0":2},"f":{"0":2},"b":{"0":[2]},"meta":{"lastBranch":1,"lastFunction":1,"lastStatement":1,"seen":{"f:1:24:1:39":0,"b:1:51:1:64":0,"s:2:4:5:Infinity":0}}}
,"C:\\Users\\yanevg\\OneDrive - Posten Norge\\Documents\\Bring Documents\\React\\Dashboard-Telerik\\src\\firebase\\auth.js": {"path":"C:\\Users\\yanevg\\OneDrive - Posten Norge\\Documents\\Bring Documents\\React\\Dashboard-Telerik\\src\\firebase\\auth.js","statementMap":{"0":{"start":{"line":11,"column":25},"end":{"line":15,"column":3}},"1":{"start":{"line":16,"column":15},"end":{"line":16,"column":34}},"2":{"start":{"line":18,"column":2},"end":{"line":25,"column":5}},"3":{"start":{"line":27,"column":2},"end":{"line":27,"column":14}},"4":{"start":{"line":31,"column":2},"end":{"line":31,"column":65}},"5":{"start":{"line":35,"column":2},"end":{"line":35,"column":29}},"6":{"start":{"line":39,"column":16},"end":{"line":39,"column":41}},"7":{"start":{"line":40,"column":18},"end":{"line":40,"column":38}},"8":{"start":{"line":41,"column":2},"end":{"line":41,"column":50}},"9":{"start":{"line":45,"column":16},"end":{"line":45,"column":41}},"10":{"start":{"line":46,"column":2},"end":{"line":46,"column":46}}},"fnMap":{"0":{"name":"signUp","decl":{"start":{"line":10,"column":22},"end":{"line":10,"column":28}},"loc":{"start":{"line":10,"column":80},"end":{"line":28,"column":1}},"line":10},"1":{"name":"signIn","decl":{"start":{"line":30,"column":22},"end":{"line":30,"column":28}},"loc":{"start":{"line":30,"column":46},"end":{"line":32,"column":1}},"line":30},"2":{"name":"logOut","decl":{"start":{"line":34,"column":22},"end":{"line":34,"column":28}},"loc":{"start":{"line":34,"column":31},"end":{"line":36,"column":1}},"line":34},"3":{"name":"getUserProfile","decl":{"start":{"line":38,"column":22},"end":{"line":38,"column":36}},"loc":{"start":{"line":38,"column":45},"end":{"line":42,"column":1}},"line":38},"4":{"name":"updateUserProfile","decl":{"start":{"line":44,"column":22},"end":{"line":44,"column":39}},"loc":{"start":{"line":44,"column":54},"end":{"line":47,"column":1}},"line":44}},"branchMap":{"0":{"loc":{"start":{"line":41,"column":9},"end":{"line":41,"column":49}},"type":"cond-expr","locations":[{"start":{"line":41,"column":28},"end":{"line":41,"column":42}},{"start":{"line":41,"column":45},"end":{"line":41,"column":49}}],"line":41}},"s":{"0":0,"1":0,"2":0,"3":0,"4":0,"5":0,"6":0,"7":0,"8":0,"9":0,"10":0},"f":{"0":0,"1":0,"2":0,"3":0,"4":0},"b":{"0":[0,0]},"meta":{"lastBranch":1,"lastFunction":5,"lastStatement":11,"seen":{"f:10:22:10:28":0,"s:11:25:15:3":0,"s:16:15:16:34":1,"s:18:2:25:5":2,"s:27:2:27:14":3,"f:30:22:30:28":1,"s:31:2:31:65":4,"f:34:22:34:28":2,"s:35:2:35:29":5,"f:38:22:38:36":3,"s:39:16:39:41":6,"s:40:18:40:38":7,"s:41:2:41:50":8,"b:41:28:41:42:41:45:41:49":0,"f:44:22:44:39":4,"s:45:16:45:41":9,"s:46:2:46:46":10}}}
,"C:\\Users\\yanevg\\OneDrive - Posten Norge\\Documents\\Bring Documents\\React\\Dashboard-Telerik\\src\\firebase\\config.js": {"path":"C:\\Users\\yanevg\\OneDrive - Posten Norge\\Documents\\Bring Documents\\React\\Dashboard-Telerik\\src\\firebase\\config.js","statementMap":{"0":{"start":{"line":5,"column":23},"end":{"line":11,"column":1}},"1":{"start":{"line":13,"column":11},"end":{"line":13,"column":41}},"2":{"start":{"line":14,"column":19},"end":{"line":14,"column":32}},"3":{"start":{"line":15,"column":17},"end":{"line":15,"column":35}}},"fnMap":{},"branchMap":{},"s":{"0":4,"1":4,"2":4,"3":4},"f":{},"b":{},"meta":{"lastBranch":0,"lastFunction":0,"lastStatement":4,"seen":{"s:5:23:11:1":0,"s:13:11:13:41":1,"s:14:19:14:32":2,"s:15:17:15:35":3}}}
,"C:\\Users\\yanevg\\OneDrive - Posten Norge\\Documents\\Bring Documents\\React\\Dashboard-Telerik\\src\\hooks\\useMonthlyChartData.js": {"path":"C:\\Users\\yanevg\\OneDrive - Posten Norge\\Documents\\Bring Documents\\React\\Dashboard-Telerik\\src\\hooks\\useMonthlyChartData.js","statementMap":{"0":{"start":{"line":5,"column":37},"end":{"line":5,"column":50}},"1":{"start":{"line":6,"column":33},"end":{"line":6,"column":49}},"2":{"start":{"line":8,"column":3},"end":{"line":35,"column":37}},"3":{"start":{"line":9,"column":8},"end":{"line":9,"column":36}},"4":{"start":{"line":9,"column":29},"end":{"line":9,"column":36}},"5":{"start":{"line":11,"column":25},"end":{"line":32,"column":9}},"6":{"start":{"line":12,"column":12},"end":{"line":12,"column":29}},"7":{"start":{"line":13,"column":12},"end":{"line":31,"column":13}},"8":{"start":{"line":14,"column":36},"end":{"line":14,"column":74}},"9":{"start":{"line":15,"column":16},"end":{"line":26,"column":17}},"10":{"start":{"line":16,"column":35},"end":{"line":24,"column":27}},"11":{"start":{"line":17,"column":52},"end":{"line":17,"column":85}},"12":{"start":{"line":19,"column":50},"end":{"line":24,"column":25}},"13":{"start":{"line":25,"column":20},"end":{"line":25,"column":41}},"14":{"start":{"line":28,"column":16},"end":{"line":28,"column":66}},"15":{"start":{"line":30,"column":16},"end":{"line":30,"column":34}},"16":{"start":{"line":34,"column":8},"end":{"line":34,"column":19}},"17":{"start":{"line":37,"column":4},"end":{"line":37,"column":34}}},"fnMap":{"0":{"name":"useMonthlyChartData","decl":{"start":{"line":4,"column":16},"end":{"line":4,"column":35}},"loc":{"start":{"line":4,"column":69},"end":{"line":38,"column":null}},"line":4},"1":{"name":"(anonymous_1)","decl":{"start":{"line":8,"column":14},"end":{"line":8,"column":15}},"loc":{"start":{"line":8,"column":20},"end":{"line":35,"column":5}},"line":8},"2":{"name":"(anonymous_2)","decl":{"start":{"line":11,"column":25},"end":{"line":11,"column":30}},"loc":{"start":{"line":11,"column":37},"end":{"line":32,"column":9}},"line":11},"3":{"name":"(anonymous_3)","decl":{"start":{"line":17,"column":30},"end":{"line":17,"column":31}},"loc":{"start":{"line":17,"column":52},"end":{"line":17,"column":85}},"line":17},"4":{"name":"(anonymous_4)","decl":{"start":{"line":19,"column":29},"end":{"line":19,"column":30}},"loc":{"start":{"line":19,"column":50},"end":{"line":24,"column":25}},"line":19}},"branchMap":{"0":{"loc":{"start":{"line":4,"column":52},"end":{"line":4,"column":67}},"type":"default-arg","locations":[{"start":{"line":4,"column":65},"end":{"line":4,"column":67}}],"line":4},"1":{"loc":{"start":{"line":9,"column":8},"end":{"line":9,"column":36}},"type":"if","locations":[{"start":{"line":9,"column":8},"end":{"line":9,"column":36}},{"start":{},"end":{}}],"line":9},"2":{"loc":{"start":{"line":15,"column":16},"end":{"line":26,"column":17}},"type":"if","locations":[{"start":{"line":15,"column":16},"end":{"line":26,"column":17}},{"start":{},"end":{}}],"line":15}},"s":{"0":13,"1":13,"2":13,"3":5,"4":1,"5":4,"6":4,"7":4,"8":4,"9":3,"10":2,"11":3,"12":4,"13":2,"14":1,"15":4,"16":4,"17":13},"f":{"0":13,"1":5,"2":4,"3":3,"4":4},"b":{"0":[13],"1":[1,4],"2":[2,1]},"meta":{"lastBranch":3,"lastFunction":5,"lastStatement":18,"seen":{"f:4:16:4:35":0,"b:4:65:4:67":0,"s:5:37:5:50":0,"s:6:33:6:49":1,"s:8:3:35:37":2,"f:8:14:8:15":1,"b:9:8:9:36:undefined:undefined:undefined:undefined":1,"s:9:8:9:36":3,"s:9:29:9:36":4,"s:11:25:32:9":5,"f:11:25:11:30":2,"s:12:12:12:29":6,"s:13:12:31:13":7,"s:14:36:14:74":8,"b:15:16:26:17:undefined:undefined:undefined:undefined":2,"s:15:16:26:17":9,"s:16:35:24:27":10,"f:17:30:17:31":3,"s:17:52:17:85":11,"f:19:29:19:30":4,"s:19:50:24:25":12,"s:25:20:25:41":13,"s:28:16:28:66":14,"s:30:16:30:34":15,"s:34:8:34:19":16,"s:37:4:37:34":17}}}
,"C:\\Users\\yanevg\\OneDrive - Posten Norge\\Documents\\Bring Documents\\React\\Dashboard-Telerik\\src\\pages\\Dashboard.jsx": {"path":"C:\\Users\\yanevg\\OneDrive - Posten Norge\\Documents\\Bring Documents\\React\\Dashboard-Telerik\\src\\pages\\Dashboard.jsx","statementMap":{"0":{"start":{"line":8,"column":8},"end":{"line":8,"column":null}},"1":{"start":{"line":9,"column":30},"end":{"line":13,"column":null}},"2":{"start":{"line":15,"column":2},"end":{"line":49,"column":null}},"3":{"start":{"line":16,"column":10},"end":{"line":16,"column":null}},"4":{"start":{"line":17,"column":10},"end":{"line":46,"column":null}},"5":{"start":{"line":18,"column":6},"end":{"line":45,"column":null}},"6":{"start":{"line":20,"column":8},"end":{"line":44,"column":null}},"7":{"start":{"line":21,"column":30},"end":{"line":21,"column":null}},"8":{"start":{"line":22,"column":10},"end":{"line":37,"column":null}},"9":{"start":{"line":23,"column":25},"end":{"line":28,"column":null}},"10":{"start":{"line":29,"column":12},"end":{"line":29,"column":null}},"11":{"start":{"line":30,"column":12},"end":{"line":30,"column":null}},"12":{"start":{"line":33,"column":30},"end":{"line":33,"column":null}},"13":{"start":{"line":34,"column":12},"end":{"line":36,"column":null}},"14":{"start":{"line":35,"column":14},"end":{"line":35,"column":null}},"15":{"start":{"line":40,"column":28},"end":{"line":40,"column":null}},"16":{"start":{"line":41,"column":10},"end":{"line":43,"column":null}},"17":{"start":{"line":42,"column":12},"end":{"line":42,"column":null}},"18":{"start":{"line":48,"column":4},"end":{"line":48,"column":null}},"19":{"start":{"line":48,"column":17},"end":{"line":48,"column":null}},"20":{"start":{"line":52,"column":10},"end":{"line":52,"column":null}},"21":{"start":{"line":53,"column":4},"end":{"line":55,"column":null}},"22":{"start":{"line":54,"column":6},"end":{"line":54,"column":null}},"23":{"start":{"line":58,"column":2},"end":{"line":101,"column":null}},"24":{"start":{"line":84,"column":29},"end":{"line":84,"column":null}}},"fnMap":{"0":{"name":"Dashboard","decl":{"start":{"line":7,"column":24},"end":{"line":7,"column":36}},"loc":{"start":{"line":7,"column":36},"end":{"line":103,"column":null}},"line":7},"1":{"name":"(anonymous_1)","decl":{"start":{"line":15,"column":12},"end":{"line":15,"column":18}},"loc":{"start":{"line":15,"column":18},"end":{"line":49,"column":5}},"line":15},"2":{"name":"(anonymous_2)","decl":{"start":{"line":17,"column":49},"end":{"line":17,"column":56}},"loc":{"start":{"line":17,"column":65},"end":{"line":46,"column":5}},"line":17},"3":{"name":"(anonymous_3)","decl":{"start":{"line":48,"column":11},"end":{"line":48,"column":17}},"loc":{"start":{"line":48,"column":17},"end":{"line":48,"column":null}},"line":48},"4":{"name":"handleLogout","decl":{"start":{"line":51,"column":11},"end":{"line":51,"column":26}},"loc":{"start":{"line":51,"column":26},"end":{"line":56,"column":null}},"line":51},"5":{"name":"(anonymous_5)","decl":{"start":{"line":53,"column":24},"end":{"line":53,"column":30}},"loc":{"start":{"line":53,"column":30},"end":{"line":55,"column":5}},"line":53},"6":{"name":"(anonymous_6)","decl":{"start":{"line":84,"column":23},"end":{"line":84,"column":29}},"loc":{"start":{"line":84,"column":29},"end":{"line":84,"column":null}},"line":84}},"branchMap":{"0":{"loc":{"start":{"line":18,"column":6},"end":{"line":45,"column":null}},"type":"if","locations":[{"start":{"line":18,"column":6},"end":{"line":45,"column":null}},{"start":{},"end":{}}],"line":18},"1":{"loc":{"start":{"line":22,"column":10},"end":{"line":37,"column":null}},"type":"if","locations":[{"start":{"line":22,"column":10},"end":{"line":37,"column":null}},{"start":{"line":31,"column":17},"end":{"line":37,"column":null}}],"line":22},"2":{"loc":{"start":{"line":24,"column":25},"end":{"line":24,"column":null}},"type":"binary-expr","locations":[{"start":{"line":24,"column":25},"end":{"line":24,"column":50}},{"start":{"line":24,"column":50},"end":{"line":24,"column":null}}],"line":24},"3":{"loc":{"start":{"line":25,"column":24},"end":{"line":25,"column":null}},"type":"binary-expr","locations":[{"start":{"line":25,"column":24},"end":{"line":25,"column":48}},{"start":{"line":25,"column":48},"end":{"line":25,"column":null}}],"line":25},"4":{"loc":{"start":{"line":26,"column":21},"end":{"line":26,"column":null}},"type":"binary-expr","locations":[{"start":{"line":26,"column":21},"end":{"line":26,"column":42}},{"start":{"line":26,"column":42},"end":{"line":26,"column":56}},{"start":{"line":26,"column":56},"end":{"line":26,"column":null}}],"line":26},"5":{"loc":{"start":{"line":27,"column":22},"end":{"line":27,"column":null}},"type":"binary-expr","locations":[{"start":{"line":27,"column":22},"end":{"line":27,"column":44}},{"start":{"line":27,"column":44},"end":{"line":27,"column":null}}],"line":27},"6":{"loc":{"start":{"line":34,"column":12},"end":{"line":36,"column":null}},"type":"if","locations":[{"start":{"line":34,"column":12},"end":{"line":36,"column":null}},{"start":{},"end":{}}],"line":34},"7":{"loc":{"start":{"line":41,"column":10},"end":{"line":43,"column":null}},"type":"if","locations":[{"start":{"line":41,"column":10},"end":{"line":43,"column":null}},{"start":{},"end":{}}],"line":41},"8":{"loc":{"start":{"line":66,"column":15},"end":{"line":76,"column":null}},"type":"cond-expr","locations":[{"start":{"line":67,"column":16},"end":{"line":71,"column":null}},{"start":{"line":73,"column":16},"end":{"line":76,"column":null}}],"line":66}},"s":{"0":9,"1":9,"2":9,"3":6,"4":6,"5":6,"6":4,"7":4,"8":3,"9":3,"10":3,"11":3,"12":0,"13":0,"14":0,"15":1,"16":1,"17":1,"18":6,"19":6,"20":0,"21":0,"22":0,"23":9,"24":1},"f":{"0":9,"1":6,"2":6,"3":6,"4":0,"5":0,"6":1},"b":{"0":[4,2],"1":[3,0],"2":[3,0],"3":[3,0],"4":[3,0,0],"5":[3,3],"6":[0,0],"7":[1,0],"8":[0,9]},"meta":{"lastBranch":9,"lastFunction":7,"lastStatement":25,"seen":{"f:7:24:7:36":0,"s:8:8:8:Infinity":0,"s:9:30:13:Infinity":1,"s:15:2:49:Infinity":2,"f:15:12:15:18":1,"s:16:10:16:Infinity":3,"s:17:10:46:Infinity":4,"f:17:49:17:56":2,"b:18:6:45:Infinity:undefined:undefined:undefined:undefined":0,"s:18:6:45:Infinity":5,"s:20:8:44:Infinity":6,"s:21:30:21:Infinity":7,"b:22:10:37:Infinity:31:17:37:Infinity":1,"s:22:10:37:Infinity":8,"s:23:25:28:Infinity":9,"b:24:25:24:50:24:50:24:Infinity":2,"b:25:24:25:48:25:48:25:Infinity":3,"b:26:21:26:42:26:42:26:56:26:56:26:Infinity":4,"b:27:22:27:44:27:44:27:Infinity":5,"s:29:12:29:Infinity":10,"s:30:12:30:Infinity":11,"s:33:30:33:Infinity":12,"b:34:12:36:Infinity:undefined:undefined:undefined:undefined":6,"s:34:12:36:Infinity":13,"s:35:14:35:Infinity":14,"s:40:28:40:Infinity":15,"b:41:10:43:Infinity:undefined:undefined:undefined:undefined":7,"s:41:10:43:Infinity":16,"s:42:12:42:Infinity":17,"s:48:4:48:Infinity":18,"f:48:11:48:17":3,"s:48:17:48:Infinity":19,"f:51:11:51:26":4,"s:52:10:52:Infinity":20,"s:53:4:55:Infinity":21,"f:53:24:53:30":5,"s:54:6:54:Infinity":22,"s:58:2:101:Infinity":23,"b:67:16:71:Infinity:73:16:76:Infinity":8,"f:84:23:84:29":6,"s:84:29:84:Infinity":24}}}
,"C:\\Users\\yanevg\\OneDrive - Posten Norge\\Documents\\Bring Documents\\React\\Dashboard-Telerik\\src\\pages\\Login.jsx": {"path":"C:\\Users\\yanevg\\OneDrive - Posten Norge\\Documents\\Bring Documents\\React\\Dashboard-Telerik\\src\\pages\\Login.jsx","statementMap":{"0":{"start":{"line":6,"column":24},"end":{"line":6,"column":null}},"1":{"start":{"line":7,"column":30},"end":{"line":7,"column":null}},"2":{"start":{"line":8,"column":28},"end":{"line":8,"column":null}},"3":{"start":{"line":9,"column":24},"end":{"line":9,"column":null}},"4":{"start":{"line":10,"column":8},"end":{"line":10,"column":null}},"5":{"start":{"line":12,"column":23},"end":{"line":43,"column":null}},"6":{"start":{"line":13,"column":4},"end":{"line":13,"column":null}},"7":{"start":{"line":14,"column":4},"end":{"line":14,"column":null}},"8":{"start":{"line":15,"column":4},"end":{"line":15,"column":null}},"9":{"start":{"line":17,"column":4},"end":{"line":42,"column":null}},"10":{"start":{"line":18,"column":29},"end":{"line":18,"column":null}},"11":{"start":{"line":19,"column":19},"end":{"line":19,"column":null}},"12":{"start":{"line":21,"column":26},"end":{"line":21,"column":null}},"13":{"start":{"line":22,"column":6},"end":{"line":36,"column":null}},"14":{"start":{"line":23,"column":8},"end":{"line":28,"column":null}},"15":{"start":{"line":30,"column":8},"end":{"line":35,"column":null}},"16":{"start":{"line":37,"column":6},"end":{"line":37,"column":null}},"17":{"start":{"line":39,"column":6},"end":{"line":39,"column":null}},"18":{"start":{"line":41,"column":6},"end":{"line":41,"column":null}},"19":{"start":{"line":45,"column":2},"end":{"line":102,"column":null}},"20":{"start":{"line":63,"column":27},"end":{"line":63,"column":null}},"21":{"start":{"line":74,"column":27},"end":{"line":74,"column":null}},"22":{"start":{"line":95,"column":27},"end":{"line":95,"column":null}}},"fnMap":{"0":{"name":"Login","decl":{"start":{"line":5,"column":24},"end":{"line":5,"column":32}},"loc":{"start":{"line":5,"column":32},"end":{"line":104,"column":null}},"line":5},"1":{"name":"(anonymous_1)","decl":{"start":{"line":12,"column":23},"end":{"line":12,"column":30}},"loc":{"start":{"line":12,"column":36},"end":{"line":43,"column":null}},"line":12},"2":{"name":"(anonymous_2)","decl":{"start":{"line":63,"column":20},"end":{"line":63,"column":21}},"loc":{"start":{"line":63,"column":27},"end":{"line":63,"column":null}},"line":63},"3":{"name":"(anonymous_3)","decl":{"start":{"line":74,"column":20},"end":{"line":74,"column":21}},"loc":{"start":{"line":74,"column":27},"end":{"line":74,"column":null}},"line":74},"4":{"name":"(anonymous_4)","decl":{"start":{"line":95,"column":21},"end":{"line":95,"column":27}},"loc":{"start":{"line":95,"column":27},"end":{"line":95,"column":null}},"line":95}},"branchMap":{"0":{"loc":{"start":{"line":22,"column":6},"end":{"line":36,"column":null}},"type":"if","locations":[{"start":{"line":22,"column":6},"end":{"line":36,"column":null}},{"start":{"line":29,"column":13},"end":{"line":36,"column":null}}],"line":22},"1":{"loc":{"start":{"line":24,"column":21},"end":{"line":24,"column":null}},"type":"binary-expr","locations":[{"start":{"line":24,"column":21},"end":{"line":24,"column":46}},{"start":{"line":24,"column":46},"end":{"line":24,"column":null}}],"line":24},"2":{"loc":{"start":{"line":25,"column":20},"end":{"line":25,"column":null}},"type":"binary-expr","locations":[{"start":{"line":25,"column":20},"end":{"line":25,"column":44}},{"start":{"line":25,"column":44},"end":{"line":25,"column":null}}],"line":25},"3":{"loc":{"start":{"line":26,"column":17},"end":{"line":26,"column":null}},"type":"binary-expr","locations":[{"start":{"line":26,"column":17},"end":{"line":26,"column":38}},{"start":{"line":26,"column":38},"end":{"line":26,"column":52}},{"start":{"line":26,"column":52},"end":{"line":26,"column":null}}],"line":26},"4":{"loc":{"start":{"line":27,"column":18},"end":{"line":27,"column":null}},"type":"binary-expr","locations":[{"start":{"line":27,"column":18},"end":{"line":27,"column":40}},{"start":{"line":27,"column":40},"end":{"line":27,"column":null}}],"line":27},"5":{"loc":{"start":{"line":33,"column":17},"end":{"line":33,"column":null}},"type":"binary-expr","locations":[{"start":{"line":33,"column":17},"end":{"line":33,"column":31}},{"start":{"line":33,"column":31},"end":{"line":33,"column":null}}],"line":33},"6":{"loc":{"start":{"line":55,"column":9},"end":{"line":56,"column":null}},"type":"binary-expr","locations":[{"start":{"line":55,"column":9},"end":{"line":55,"column":null}},{"start":{"line":56,"column":10},"end":{"line":56,"column":null}}],"line":55},"7":{"loc":{"start":{"line":87,"column":13},"end":{"line":87,"column":null}},"type":"cond-expr","locations":[{"start":{"line":87,"column":23},"end":{"line":87,"column":41}},{"start":{"line":87,"column":41},"end":{"line":87,"column":null}}],"line":87}},"s":{"0":155,"1":155,"2":155,"3":155,"4":155,"5":155,"6":4,"7":4,"8":4,"9":4,"10":4,"11":3,"12":3,"13":3,"14":2,"15":1,"16":3,"17":1,"18":4,"19":155,"20":80,"21":57,"22":1},"f":{"0":155,"1":4,"2":80,"3":57,"4":1},"b":{"0":[2,1],"1":[2,0],"2":[2,0],"3":[2,0,0],"4":[2,1],"5":[1,0],"6":[155,1],"7":[4,151]},"meta":{"lastBranch":8,"lastFunction":5,"lastStatement":23,"seen":{"f:5:24:5:32":0,"s:6:24:6:Infinity":0,"s:7:30:7:Infinity":1,"s:8:28:8:Infinity":2,"s:9:24:9:Infinity":3,"s:10:8:10:Infinity":4,"s:12:23:43:Infinity":5,"f:12:23:12:30":1,"s:13:4:13:Infinity":6,"s:14:4:14:Infinity":7,"s:15:4:15:Infinity":8,"s:17:4:42:Infinity":9,"s:18:29:18:Infinity":10,"s:19:19:19:Infinity":11,"s:21:26:21:Infinity":12,"b:22:6:36:Infinity:29:13:36:Infinity":0,"s:22:6:36:Infinity":13,"s:23:8:28:Infinity":14,"b:24:21:24:46:24:46:24:Infinity":1,"b:25:20:25:44:25:44:25:Infinity":2,"b:26:17:26:38:26:38:26:52:26:52:26:Infinity":3,"b:27:18:27:40:27:40:27:Infinity":4,"s:30:8:35:Infinity":15,"b:33:17:33:31:33:31:33:Infinity":5,"s:37:6:37:Infinity":16,"s:39:6:39:Infinity":17,"s:41:6:41:Infinity":18,"s:45:2:102:Infinity":19,"b:55:9:55:Infinity:56:10:56:Infinity":6,"f:63:20:63:21":2,"s:63:27:63:Infinity":20,"f:74:20:74:21":3,"s:74:27:74:Infinity":21,"b:87:23:87:41:87:41:87:Infinity":7,"f:95:21:95:27":4,"s:95:27:95:Infinity":22}}}
,"C:\\Users\\yanevg\\OneDrive - Posten Norge\\Documents\\Bring Documents\\React\\Dashboard-Telerik\\src\\pages\\Profile.jsx": {"path":"C:\\Users\\yanevg\\OneDrive - Posten Norge\\Documents\\Bring Documents\\React\\Dashboard-Telerik\\src\\pages\\Profile.jsx","statementMap":{"0":{"start":{"line":8,"column":34},"end":{"line":8,"column":null}},"1":{"start":{"line":9,"column":32},"end":{"line":14,"column":null}},"2":{"start":{"line":15,"column":30},"end":{"line":15,"column":null}},"3":{"start":{"line":16,"column":26},"end":{"line":16,"column":null}},"4":{"start":{"line":17,"column":30},"end":{"line":17,"column":null}},"5":{"start":{"line":18,"column":38},"end":{"line":18,"column":null}},"6":{"start":{"line":19,"column":10},"end":{"line":19,"column":null}},"7":{"start":{"line":22,"column":4},"end":{"line":51,"column":null}},"8":{"start":{"line":23,"column":14},"end":{"line":48,"column":null}},"9":{"start":{"line":24,"column":12},"end":{"line":47,"column":null}},"10":{"start":{"line":25,"column":16},"end":{"line":25,"column":null}},"11":{"start":{"line":26,"column":16},"end":{"line":43,"column":null}},"12":{"start":{"line":27,"column":40},"end":{"line":27,"column":null}},"13":{"start":{"line":28,"column":20},"end":{"line":40,"column":null}},"14":{"start":{"line":29,"column":24},"end":{"line":34,"column":null}},"15":{"start":{"line":36,"column":24},"end":{"line":39,"column":null}},"16":{"start":{"line":36,"column":45},"end":{"line":39,"column":26}},"17":{"start":{"line":42,"column":20},"end":{"line":42,"column":null}},"18":{"start":{"line":45,"column":16},"end":{"line":45,"column":null}},"19":{"start":{"line":46,"column":16},"end":{"line":46,"column":null}},"20":{"start":{"line":50,"column":8},"end":{"line":50,"column":null}},"21":{"start":{"line":50,"column":21},"end":{"line":50,"column":null}},"22":{"start":{"line":53,"column":25},"end":{"line":59,"column":null}},"23":{"start":{"line":54,"column":32},"end":{"line":54,"column":null}},"24":{"start":{"line":55,"column":8},"end":{"line":58,"column":null}},"25":{"start":{"line":55,"column":29},"end":{"line":58,"column":10}},"26":{"start":{"line":61,"column":31},"end":{"line":73,"column":null}},"27":{"start":{"line":62,"column":21},"end":{"line":62,"column":null}},"28":{"start":{"line":63,"column":8},"end":{"line":72,"column":null}},"29":{"start":{"line":64,"column":27},"end":{"line":64,"column":null}},"30":{"start":{"line":65,"column":12},"end":{"line":70,"column":null}},"31":{"start":{"line":66,"column":16},"end":{"line":69,"column":null}},"32":{"start":{"line":66,"column":37},"end":{"line":69,"column":18}},"33":{"start":{"line":71,"column":12},"end":{"line":71,"column":null}},"34":{"start":{"line":75,"column":23},"end":{"line":79,"column":null}},"35":{"start":{"line":76,"column":8},"end":{"line":76,"column":null}},"36":{"start":{"line":77,"column":8},"end":{"line":77,"column":null}},"37":{"start":{"line":78,"column":8},"end":{"line":78,"column":null}},"38":{"start":{"line":81,"column":25},"end":{"line":83,"column":null}},"39":{"start":{"line":82,"column":8},"end":{"line":82,"column":null}},"40":{"start":{"line":85,"column":23},"end":{"line":123,"column":null}},"41":{"start":{"line":86,"column":8},"end":{"line":86,"column":null}},"42":{"start":{"line":87,"column":8},"end":{"line":87,"column":null}},"43":{"start":{"line":88,"column":8},"end":{"line":88,"column":null}},"44":{"start":{"line":90,"column":8},"end":{"line":122,"column":null}},"45":{"start":{"line":91,"column":12},"end":{"line":95,"column":null}},"46":{"start":{"line":92,"column":16},"end":{"line":92,"column":null}},"47":{"start":{"line":93,"column":16},"end":{"line":93,"column":null}},"48":{"start":{"line":94,"column":16},"end":{"line":94,"column":null}},"49":{"start":{"line":97,"column":12},"end":{"line":101,"column":null}},"50":{"start":{"line":98,"column":16},"end":{"line":98,"column":null}},"51":{"start":{"line":99,"column":16},"end":{"line":99,"column":null}},"52":{"start":{"line":100,"column":16},"end":{"line":100,"column":null}},"53":{"start":{"line":103,"column":12},"end":{"line":108,"column":null}},"54":{"start":{"line":110,"column":12},"end":{"line":110,"column":null}},"55":{"start":{"line":112,"column":12},"end":{"line":112,"column":null}},"56":{"start":{"line":113,"column":12},"end":{"line":113,"column":null}},"57":{"start":{"line":114,"column":12},"end":{"line":114,"column":null}},"58":{"start":{"line":116,"column":12},"end":{"line":118,"column":null}},"59":{"start":{"line":117,"column":16},"end":{"line":117,"column":null}},"60":{"start":{"line":120,"column":12},"end":{"line":120,"column":null}},"61":{"start":{"line":121,"column":12},"end":{"line":121,"column":null}},"62":{"start":{"line":125,"column":4},"end":{"line":146,"column":null}},"63":{"start":{"line":134,"column":89},"end":{"line":134,"column":132}}},"fnMap":{"0":{"name":"Profile","decl":{"start":{"line":7,"column":24},"end":{"line":7,"column":34}},"loc":{"start":{"line":7,"column":34},"end":{"line":148,"column":null}},"line":7},"1":{"name":"(anonymous_1)","decl":{"start":{"line":22,"column":14},"end":{"line":22,"column":20}},"loc":{"start":{"line":22,"column":20},"end":{"line":51,"column":7}},"line":22},"2":{"name":"(anonymous_2)","decl":{"start":{"line":23,"column":53},"end":{"line":23,"column":60}},"loc":{"start":{"line":23,"column":69},"end":{"line":48,"column":9}},"line":23},"3":{"name":"(anonymous_3)","decl":{"start":{"line":36,"column":36},"end":{"line":36,"column":45}},"loc":{"start":{"line":36,"column":45},"end":{"line":39,"column":26}},"line":36},"4":{"name":"(anonymous_4)","decl":{"start":{"line":50,"column":15},"end":{"line":50,"column":21}},"loc":{"start":{"line":50,"column":21},"end":{"line":50,"column":null}},"line":50},"5":{"name":"(anonymous_5)","decl":{"start":{"line":53,"column":25},"end":{"line":53,"column":26}},"loc":{"start":{"line":53,"column":32},"end":{"line":59,"column":null}},"line":53},"6":{"name":"(anonymous_6)","decl":{"start":{"line":55,"column":20},"end":{"line":55,"column":29}},"loc":{"start":{"line":55,"column":29},"end":{"line":58,"column":10}},"line":55},"7":{"name":"(anonymous_7)","decl":{"start":{"line":61,"column":31},"end":{"line":61,"column":32}},"loc":{"start":{"line":61,"column":38},"end":{"line":73,"column":null}},"line":61},"8":{"name":"(anonymous_8)","decl":{"start":{"line":65,"column":31},"end":{"line":65,"column":37}},"loc":{"start":{"line":65,"column":37},"end":{"line":70,"column":null}},"line":65},"9":{"name":"(anonymous_9)","decl":{"start":{"line":66,"column":28},"end":{"line":66,"column":37}},"loc":{"start":{"line":66,"column":37},"end":{"line":69,"column":18}},"line":66},"10":{"name":"(anonymous_10)","decl":{"start":{"line":75,"column":23},"end":{"line":75,"column":29}},"loc":{"start":{"line":75,"column":29},"end":{"line":79,"column":null}},"line":75},"11":{"name":"(anonymous_11)","decl":{"start":{"line":81,"column":25},"end":{"line":81,"column":37}},"loc":{"start":{"line":81,"column":37},"end":{"line":83,"column":null}},"line":81},"12":{"name":"(anonymous_12)","decl":{"start":{"line":85,"column":23},"end":{"line":85,"column":30}},"loc":{"start":{"line":85,"column":36},"end":{"line":123,"column":null}},"line":85},"13":{"name":"(anonymous_13)","decl":{"start":{"line":116,"column":23},"end":{"line":116,"column":29}},"loc":{"start":{"line":116,"column":29},"end":{"line":118,"column":15}},"line":116},"14":{"name":"(anonymous_14)","decl":{"start":{"line":134,"column":83},"end":{"line":134,"column":89}},"loc":{"start":{"line":134,"column":89},"end":{"line":134,"column":132}},"line":134}},"branchMap":{"0":{"loc":{"start":{"line":24,"column":12},"end":{"line":47,"column":null}},"type":"if","locations":[{"start":{"line":24,"column":12},"end":{"line":47,"column":null}},{"start":{"line":44,"column":19},"end":{"line":47,"column":null}}],"line":24},"1":{"loc":{"start":{"line":28,"column":20},"end":{"line":40,"column":null}},"type":"if","locations":[{"start":{"line":28,"column":20},"end":{"line":40,"column":null}},{"start":{"line":35,"column":27},"end":{"line":40,"column":null}}],"line":28},"2":{"loc":{"start":{"line":30,"column":39},"end":{"line":30,"column":null}},"type":"binary-expr","locations":[{"start":{"line":30,"column":39},"end":{"line":30,"column":64}},{"start":{"line":30,"column":64},"end":{"line":30,"column":null}}],"line":30},"3":{"loc":{"start":{"line":31,"column":38},"end":{"line":31,"column":null}},"type":"binary-expr","locations":[{"start":{"line":31,"column":38},"end":{"line":31,"column":62}},{"start":{"line":31,"column":62},"end":{"line":31,"column":null}}],"line":31},"4":{"loc":{"start":{"line":32,"column":35},"end":{"line":32,"column":null}},"type":"binary-expr","locations":[{"start":{"line":32,"column":35},"end":{"line":32,"column":56}},{"start":{"line":32,"column":56},"end":{"line":32,"column":70}},{"start":{"line":32,"column":70},"end":{"line":32,"column":null}}],"line":32},"5":{"loc":{"start":{"line":33,"column":36},"end":{"line":33,"column":null}},"type":"binary-expr","locations":[{"start":{"line":33,"column":36},"end":{"line":33,"column":58}},{"start":{"line":33,"column":58},"end":{"line":33,"column":null}}],"line":33},"6":{"loc":{"start":{"line":38,"column":35},"end":{"line":38,"column":null}},"type":"binary-expr","locations":[{"start":{"line":38,"column":35},"end":{"line":38,"column":49}},{"start":{"line":38,"column":49},"end":{"line":38,"column":null}}],"line":38},"7":{"loc":{"start":{"line":63,"column":8},"end":{"line":72,"column":null}},"type":"if","locations":[{"start":{"line":63,"column":8},"end":{"line":72,"column":null}},{"start":{},"end":{}}],"line":63},"8":{"loc":{"start":{"line":91,"column":12},"end":{"line":95,"column":null}},"type":"if","locations":[{"start":{"line":91,"column":12},"end":{"line":95,"column":null}},{"start":{},"end":{}}],"line":91},"9":{"loc":{"start":{"line":91,"column":16},"end":{"line":91,"column":78}},"type":"binary-expr","locations":[{"start":{"line":91,"column":16},"end":{"line":91,"column":39}},{"start":{"line":91,"column":39},"end":{"line":91,"column":61}},{"start":{"line":91,"column":61},"end":{"line":91,"column":78}}],"line":91},"10":{"loc":{"start":{"line":97,"column":12},"end":{"line":101,"column":null}},"type":"if","locations":[{"start":{"line":97,"column":12},"end":{"line":101,"column":null}},{"start":{},"end":{}}],"line":97},"11":{"loc":{"start":{"line":120,"column":21},"end":{"line":120,"column":62}},"type":"binary-expr","locations":[{"start":{"line":120,"column":21},"end":{"line":120,"column":36}},{"start":{"line":120,"column":36},"end":{"line":120,"column":62}}],"line":120},"12":{"loc":{"start":{"line":130,"column":17},"end":{"line":130,"column":null}},"type":"binary-expr","locations":[{"start":{"line":130,"column":17},"end":{"line":130,"column":26}},{"start":{"line":130,"column":26},"end":{"line":130,"column":null}}],"line":130},"13":{"loc":{"start":{"line":131,"column":17},"end":{"line":131,"column":null}},"type":"binary-expr","locations":[{"start":{"line":131,"column":17},"end":{"line":131,"column":28}},{"start":{"line":131,"column":28},"end":{"line":131,"column":null}}],"line":131},"14":{"loc":{"start":{"line":133,"column":17},"end":{"line":143,"column":null}},"type":"cond-expr","locations":[{"start":{"line":134,"column":20},"end":{"line":134,"column":null}},{"start":{"line":136,"column":20},"end":{"line":143,"column":null}}],"line":133}},"s":{"0":26,"1":26,"2":26,"3":26,"4":26,"5":26,"6":26,"7":26,"8":6,"9":6,"10":6,"11":6,"12":6,"13":6,"14":6,"15":0,"16":0,"17":0,"18":0,"19":0,"20":6,"21":6,"22":26,"23":0,"24":0,"25":0,"26":26,"27":0,"28":0,"29":0,"30":0,"31":0,"32":0,"33":0,"34":26,"35":4,"36":4,"37":4,"38":26,"39":0,"40":26,"41":2,"42":2,"43":2,"44":2,"45":2,"46":0,"47":0,"48":0,"49":2,"50":0,"51":0,"52":0,"53":2,"54":1,"55":1,"56":1,"57":1,"58":1,"59":0,"60":1,"61":1,"62":26,"63":1},"f":{"0":26,"1":6,"2":6,"3":0,"4":6,"5":0,"6":0,"7":0,"8":0,"9":0,"10":4,"11":0,"12":2,"13":0,"14":1},"b":{"0":[6,0],"1":[6,0],"2":[6,1],"3":[6,1],"4":[6,1,0],"5":[6,6],"6":[0,0],"7":[0,0],"8":[0,2],"9":[2,2,2],"10":[0,2],"11":[1,0],"12":[26,1],"13":[26,1],"14":[19,7]},"meta":{"lastBranch":15,"lastFunction":15,"lastStatement":64,"seen":{"f:7:24:7:34":0,"s:8:34:8:Infinity":0,"s:9:32:14:Infinity":1,"s:15:30:15:Infinity":2,"s:16:26:16:Infinity":3,"s:17:30:17:Infinity":4,"s:18:38:18:Infinity":5,"s:19:10:19:Infinity":6,"s:22:4:51:Infinity":7,"f:22:14:22:20":1,"s:23:14:48:Infinity":8,"f:23:53:23:60":2,"b:24:12:47:Infinity:44:19:47:Infinity":0,"s:24:12:47:Infinity":9,"s:25:16:25:Infinity":10,"s:26:16:43:Infinity":11,"s:27:40:27:Infinity":12,"b:28:20:40:Infinity:35:27:40:Infinity":1,"s:28:20:40:Infinity":13,"s:29:24:34:Infinity":14,"b:30:39:30:64:30:64:30:Infinity":2,"b:31:38:31:62:31:62:31:Infinity":3,"b:32:35:32:56:32:56:32:70:32:70:32:Infinity":4,"b:33:36:33:58:33:58:33:Infinity":5,"s:36:24:39:Infinity":15,"f:36:36:36:45":3,"s:36:45:39:26":16,"b:38:35:38:49:38:49:38:Infinity":6,"s:42:20:42:Infinity":17,"s:45:16:45:Infinity":18,"s:46:16:46:Infinity":19,"s:50:8:50:Infinity":20,"f:50:15:50:21":4,"s:50:21:50:Infinity":21,"s:53:25:59:Infinity":22,"f:53:25:53:26":5,"s:54:32:54:Infinity":23,"s:55:8:58:Infinity":24,"f:55:20:55:29":6,"s:55:29:58:10":25,"s:61:31:73:Infinity":26,"f:61:31:61:32":7,"s:62:21:62:Infinity":27,"b:63:8:72:Infinity:undefined:undefined:undefined:undefined":7,"s:63:8:72:Infinity":28,"s:64:27:64:Infinity":29,"s:65:12:70:Infinity":30,"f:65:31:65:37":8,"s:66:16:69:Infinity":31,"f:66:28:66:37":9,"s:66:37:69:18":32,"s:71:12:71:Infinity":33,"s:75:23:79:Infinity":34,"f:75:23:75:29":10,"s:76:8:76:Infinity":35,"s:77:8:77:Infinity":36,"s:78:8:78:Infinity":37,"s:81:25:83:Infinity":38,"f:81:25:81:37":11,"s:82:8:82:Infinity":39,"s:85:23:123:Infinity":40,"f:85:23:85:30":12,"s:86:8:86:Infinity":41,"s:87:8:87:Infinity":42,"s:88:8:88:Infinity":43,"s:90:8:122:Infinity":44,"b:91:12:95:Infinity:undefined:undefined:undefined:undefined":8,"s:91:12:95:Infinity":45,"b:91:16:91:39:91:39:91:61:91:61:91:78":9,"s:92:16:92:Infinity":46,"s:93:16:93:Infinity":47,"s:94:16:94:Infinity":48,"b:97:12:101:Infinity:undefined:undefined:undefined:undefined":10,"s:97:12:101:Infinity":49,"s:98:16:98:Infinity":50,"s:99:16:99:Infinity":51,"s:100:16:100:Infinity":52,"s:103:12:108:Infinity":53,"s:110:12:110:Infinity":54,"s:112:12:112:Infinity":55,"s:113:12:113:Infinity":56,"s:114:12:114:Infinity":57,"s:116:12:118:Infinity":58,"f:116:23:116:29":13,"s:117:16:117:Infinity":59,"s:120:12:120:Infinity":60,"b:120:21:120:36:120:36:120:62":11,"s:121:12:121:Infinity":61,"s:125:4:146:Infinity":62,"b:130:17:130:26:130:26:130:Infinity":12,"b:131:17:131:28:131:28:131:Infinity":13,"b:134:20:134:Infinity:136:20:143:Infinity":14,"f:134:83:134:89":14,"s:134:89:134:132":63}}}
,"C:\\Users\\yanevg\\OneDrive - Posten Norge\\Documents\\Bring Documents\\React\\Dashboard-Telerik\\src\\pages\\SignUp.jsx": {"path":"C:\\Users\\yanevg\\OneDrive - Posten Norge\\Documents\\Bring Documents\\React\\Dashboard-Telerik\\src\\pages\\SignUp.jsx","statementMap":{"0":{"start":{"line":6,"column":30},"end":{"line":13,"column":null}},"1":{"start":{"line":14,"column":28},"end":{"line":14,"column":null}},"2":{"start":{"line":15,"column":24},"end":{"line":15,"column":null}},"3":{"start":{"line":16,"column":8},"end":{"line":16,"column":null}},"4":{"start":{"line":18,"column":23},"end":{"line":24,"column":null}},"5":{"start":{"line":19,"column":28},"end":{"line":19,"column":null}},"6":{"start":{"line":20,"column":4},"end":{"line":23,"column":null}},"7":{"start":{"line":20,"column":27},"end":{"line":23,"column":6}},"8":{"start":{"line":26,"column":23},"end":{"line":95,"column":null}},"9":{"start":{"line":27,"column":4},"end":{"line":27,"column":null}},"10":{"start":{"line":28,"column":4},"end":{"line":28,"column":null}},"11":{"start":{"line":29,"column":4},"end":{"line":29,"column":null}},"12":{"start":{"line":31,"column":4},"end":{"line":94,"column":null}},"13":{"start":{"line":33,"column":6},"end":{"line":42,"column":null}},"14":{"start":{"line":39,"column":8},"end":{"line":39,"column":null}},"15":{"start":{"line":40,"column":8},"end":{"line":40,"column":null}},"16":{"start":{"line":41,"column":8},"end":{"line":41,"column":null}},"17":{"start":{"line":44,"column":6},"end":{"line":48,"column":null}},"18":{"start":{"line":45,"column":8},"end":{"line":45,"column":null}},"19":{"start":{"line":46,"column":8},"end":{"line":46,"column":null}},"20":{"start":{"line":47,"column":8},"end":{"line":47,"column":null}},"21":{"start":{"line":50,"column":6},"end":{"line":54,"column":null}},"22":{"start":{"line":51,"column":8},"end":{"line":51,"column":null}},"23":{"start":{"line":52,"column":8},"end":{"line":52,"column":null}},"24":{"start":{"line":53,"column":8},"end":{"line":53,"column":null}},"25":{"start":{"line":56,"column":6},"end":{"line":60,"column":null}},"26":{"start":{"line":57,"column":8},"end":{"line":57,"column":null}},"27":{"start":{"line":58,"column":8},"end":{"line":58,"column":null}},"28":{"start":{"line":59,"column":8},"end":{"line":59,"column":null}},"29":{"start":{"line":63,"column":26},"end":{"line":63,"column":null}},"30":{"start":{"line":64,"column":19},"end":{"line":70,"column":null}},"31":{"start":{"line":72,"column":26},"end":{"line":72,"column":null}},"32":{"start":{"line":73,"column":6},"end":{"line":87,"column":null}},"33":{"start":{"line":74,"column":8},"end":{"line":79,"column":null}},"34":{"start":{"line":81,"column":8},"end":{"line":86,"column":null}},"35":{"start":{"line":88,"column":6},"end":{"line":88,"column":null}},"36":{"start":{"line":89,"column":6},"end":{"line":89,"column":null}},"37":{"start":{"line":91,"column":6},"end":{"line":91,"column":null}},"38":{"start":{"line":93,"column":6},"end":{"line":93,"column":null}},"39":{"start":{"line":97,"column":2},"end":{"line":217,"column":null}},"40":{"start":{"line":210,"column":27},"end":{"line":210,"column":null}}},"fnMap":{"0":{"name":"SignUp","decl":{"start":{"line":5,"column":24},"end":{"line":5,"column":33}},"loc":{"start":{"line":5,"column":33},"end":{"line":219,"column":null}},"line":5},"1":{"name":"(anonymous_1)","decl":{"start":{"line":18,"column":23},"end":{"line":18,"column":24}},"loc":{"start":{"line":18,"column":30},"end":{"line":24,"column":null}},"line":18},"2":{"name":"(anonymous_2)","decl":{"start":{"line":20,"column":16},"end":{"line":20,"column":17}},"loc":{"start":{"line":20,"column":27},"end":{"line":23,"column":6}},"line":20},"3":{"name":"(anonymous_3)","decl":{"start":{"line":26,"column":23},"end":{"line":26,"column":30}},"loc":{"start":{"line":26,"column":36},"end":{"line":95,"column":null}},"line":26},"4":{"name":"(anonymous_4)","decl":{"start":{"line":210,"column":21},"end":{"line":210,"column":27}},"loc":{"start":{"line":210,"column":27},"end":{"line":210,"column":null}},"line":210}},"branchMap":{"0":{"loc":{"start":{"line":33,"column":6},"end":{"line":42,"column":null}},"type":"if","locations":[{"start":{"line":33,"column":6},"end":{"line":42,"column":null}},{"start":{},"end":{}}],"line":33},"1":{"loc":{"start":{"line":34,"column":8},"end":{"line":37,"column":null}},"type":"binary-expr","locations":[{"start":{"line":34,"column":8},"end":{"line":34,"column":null}},{"start":{"line":35,"column":8},"end":{"line":35,"column":null}},{"start":{"line":36,"column":8},"end":{"line":36,"column":null}},{"start":{"line":37,"column":8},"end":{"line":37,"column":null}}],"line":34},"2":{"loc":{"start":{"line":44,"column":6},"end":{"line":48,"column":null}},"type":"if","locations":[{"start":{"line":44,"column":6},"end":{"line":48,"column":null}},{"start":{},"end":{}}],"line":44},"3":{"loc":{"start":{"line":50,"column":6},"end":{"line":54,"column":null}},"type":"if","locations":[{"start":{"line":50,"column":6},"end":{"line":54,"column":null}},{"start":{},"end":{}}],"line":50},"4":{"loc":{"start":{"line":56,"column":6},"end":{"line":60,"column":null}},"type":"if","locations":[{"start":{"line":56,"column":6},"end":{"line":60,"column":null}},{"start":{},"end":{}}],"line":56},"5":{"loc":{"start":{"line":73,"column":6},"end":{"line":87,"column":null}},"type":"if","locations":[{"start":{"line":73,"column":6},"end":{"line":87,"column":null}},{"start":{"line":80,"column":13},"end":{"line":87,"column":null}}],"line":73},"6":{"loc":{"start":{"line":75,"column":21},"end":{"line":75,"column":null}},"type":"binary-expr","locations":[{"start":{"line":75,"column":21},"end":{"line":75,"column":46}},{"start":{"line":75,"column":46},"end":{"line":75,"column":null}}],"line":75},"7":{"loc":{"start":{"line":76,"column":20},"end":{"line":76,"column":null}},"type":"binary-expr","locations":[{"start":{"line":76,"column":20},"end":{"line":76,"column":44}},{"start":{"line":76,"column":44},"end":{"line":76,"column":null}}],"line":76},"8":{"loc":{"start":{"line":77,"column":17},"end":{"line":77,"column":null}},"type":"binary-expr","locations":[{"start":{"line":77,"column":17},"end":{"line":77,"column":38}},{"start":{"line":77,"column":38},"end":{"line":77,"column":52}},{"start":{"line":77,"column":52},"end":{"line":77,"column":null}}],"line":77},"9":{"loc":{"start":{"line":78,"column":18},"end":{"line":78,"column":null}},"type":"binary-expr","locations":[{"start":{"line":78,"column":18},"end":{"line":78,"column":40}},{"start":{"line":78,"column":40},"end":{"line":78,"column":null}}],"line":78},"10":{"loc":{"start":{"line":91,"column":15},"end":{"line":91,"column":46}},"type":"binary-expr","locations":[{"start":{"line":91,"column":15},"end":{"line":91,"column":30}},{"start":{"line":91,"column":30},"end":{"line":91,"column":46}}],"line":91},"11":{"loc":{"start":{"line":107,"column":9},"end":{"line":108,"column":null}},"type":"binary-expr","locations":[{"start":{"line":107,"column":9},"end":{"line":107,"column":null}},{"start":{"line":108,"column":10},"end":{"line":108,"column":null}}],"line":107},"12":{"loc":{"start":{"line":202,"column":13},"end":{"line":202,"column":null}},"type":"cond-expr","locations":[{"start":{"line":202,"column":23},"end":{"line":202,"column":47}},{"start":{"line":202,"column":47},"end":{"line":202,"column":null}}],"line":202}},"s":{"0":445,"1":445,"2":445,"3":445,"4":445,"5":426,"6":426,"7":426,"8":445,"9":6,"10":6,"11":6,"12":6,"13":6,"14":0,"15":0,"16":0,"17":6,"18":1,"19":1,"20":1,"21":5,"22":1,"23":1,"24":1,"25":4,"26":1,"27":1,"28":1,"29":3,"30":3,"31":2,"32":2,"33":1,"34":1,"35":2,"36":2,"37":1,"38":6,"39":445,"40":1},"f":{"0":445,"1":426,"2":426,"3":6,"4":1},"b":{"0":[0,6],"1":[6,6,6,6],"2":[1,5],"3":[1,4],"4":[1,3],"5":[1,1],"6":[1,0],"7":[1,0],"8":[1,0,0],"9":[1,1],"10":[1,0],"11":[445,4],"12":[3,442]},"meta":{"lastBranch":13,"lastFunction":5,"lastStatement":41,"seen":{"f:5:24:5:33":0,"s:6:30:13:Infinity":0,"s:14:28:14:Infinity":1,"s:15:24:15:Infinity":2,"s:16:8:16:Infinity":3,"s:18:23:24:Infinity":4,"f:18:23:18:24":1,"s:19:28:19:Infinity":5,"s:20:4:23:Infinity":6,"f:20:16:20:17":2,"s:20:27:23:6":7,"s:26:23:95:Infinity":8,"f:26:23:26:30":3,"s:27:4:27:Infinity":9,"s:28:4:28:Infinity":10,"s:29:4:29:Infinity":11,"s:31:4:94:Infinity":12,"b:33:6:42:Infinity:undefined:undefined:undefined:undefined":0,"s:33:6:42:Infinity":13,"b:34:8:34:Infinity:35:8:35:Infinity:36:8:36:Infinity:37:8:37:Infinity":1,"s:39:8:39:Infinity":14,"s:40:8:40:Infinity":15,"s:41:8:41:Infinity":16,"b:44:6:48:Infinity:undefined:undefined:undefined:undefined":2,"s:44:6:48:Infinity":17,"s:45:8:45:Infinity":18,"s:46:8:46:Infinity":19,"s:47:8:47:Infinity":20,"b:50:6:54:Infinity:undefined:undefined:undefined:undefined":3,"s:50:6:54:Infinity":21,"s:51:8:51:Infinity":22,"s:52:8:52:Infinity":23,"s:53:8:53:Infinity":24,"b:56:6:60:Infinity:undefined:undefined:undefined:undefined":4,"s:56:6:60:Infinity":25,"s:57:8:57:Infinity":26,"s:58:8:58:Infinity":27,"s:59:8:59:Infinity":28,"s:63:26:63:Infinity":29,"s:64:19:70:Infinity":30,"s:72:26:72:Infinity":31,"b:73:6:87:Infinity:80:13:87:Infinity":5,"s:73:6:87:Infinity":32,"s:74:8:79:Infinity":33,"b:75:21:75:46:75:46:75:Infinity":6,"b:76:20:76:44:76:44:76:Infinity":7,"b:77:17:77:38:77:38:77:52:77:52:77:Infinity":8,"b:78:18:78:40:78:40:78:Infinity":9,"s:81:8:86:Infinity":34,"s:88:6:88:Infinity":35,"s:89:6:89:Infinity":36,"s:91:6:91:Infinity":37,"b:91:15:91:30:91:30:91:46":10,"s:93:6:93:Infinity":38,"s:97:2:217:Infinity":39,"b:107:9:107:Infinity:108:10:108:Infinity":11,"b:202:23:202:47:202:47:202:Infinity":12,"f:210:21:210:27":4,"s:210:27:210:Infinity":40}}}
,"C:\\Users\\yanevg\\OneDrive - Posten Norge\\Documents\\Bring Documents\\React\\Dashboard-Telerik\\src\\services\\alphaVantage.js": {"path":"C:\\Users\\yanevg\\OneDrive - Posten Norge\\Documents\\Bring Documents\\React\\Dashboard-Telerik\\src\\services\\alphaVantage.js","statementMap":{"0":{"start":{"line":1,"column":59},"end":{"line":1,"column":null}},"1":{"start":{"line":2,"column":17},"end":{"line":2,"column":52}},"2":{"start":{"line":4,"column":20},"end":{"line":4,"column":96}},"3":{"start":{"line":6,"column":31},"end":{"line":17,"column":1}},"4":{"start":{"line":7,"column":4},"end":{"line":16,"column":5}},"5":{"start":{"line":8,"column":25},"end":{"line":10,"column":9}},"6":{"start":{"line":11,"column":21},"end":{"line":11,"column":42}},"7":{"start":{"line":12,"column":8},"end":{"line":12,"column":44}},"8":{"start":{"line":14,"column":8},"end":{"line":14,"column":64}},"9":{"start":{"line":15,"column":8},"end":{"line":15,"column":20}},"10":{"start":{"line":19,"column":35},"end":{"line":22,"column":1}},"11":{"start":{"line":20,"column":20},"end":{"line":20,"column":85}},"12":{"start":{"line":20,"column":60},"end":{"line":20,"column":83}},"13":{"start":{"line":21,"column":4},"end":{"line":21,"column":65}},"14":{"start":{"line":21,"column":35},"end":{"line":21,"column":63}},"15":{"start":{"line":24,"column":32},"end":{"line":35,"column":1}},"16":{"start":{"line":25,"column":4},"end":{"line":34,"column":5}},"17":{"start":{"line":26,"column":25},"end":{"line":28,"column":9}},"18":{"start":{"line":29,"column":21},"end":{"line":29,"column":42}},"19":{"start":{"line":30,"column":8},"end":{"line":30,"column":51}},"20":{"start":{"line":32,"column":8},"end":{"line":32,"column":75}},"21":{"start":{"line":33,"column":8},"end":{"line":33,"column":20}},"22":{"start":{"line":37,"column":29},"end":{"line":37,"column":46}},"23":{"start":{"line":37,"column":35},"end":{"line":37,"column":46}}},"fnMap":{"0":{"name":"(anonymous_0)","decl":{"start":{"line":6,"column":31},"end":{"line":6,"column":36}},"loc":{"start":{"line":6,"column":49},"end":{"line":17,"column":1}},"line":6},"1":{"name":"(anonymous_1)","decl":{"start":{"line":19,"column":35},"end":{"line":19,"column":40}},"loc":{"start":{"line":19,"column":68},"end":{"line":22,"column":1}},"line":19},"2":{"name":"(anonymous_2)","decl":{"start":{"line":20,"column":50},"end":{"line":20,"column":56}},"loc":{"start":{"line":20,"column":60},"end":{"line":20,"column":83}},"line":20},"3":{"name":"(anonymous_3)","decl":{"start":{"line":21,"column":26},"end":{"line":21,"column":31}},"loc":{"start":{"line":21,"column":35},"end":{"line":21,"column":63}},"line":21},"4":{"name":"(anonymous_4)","decl":{"start":{"line":24,"column":32},"end":{"line":24,"column":37}},"loc":{"start":{"line":24,"column":50},"end":{"line":35,"column":1}},"line":24},"5":{"name":"(anonymous_5)","decl":{"start":{"line":37,"column":29},"end":{"line":37,"column":30}},"loc":{"start":{"line":37,"column":35},"end":{"line":37,"column":46}},"line":37}},"branchMap":{"0":{"loc":{"start":{"line":12,"column":15},"end":{"line":12,"column":43}},"type":"binary-expr","locations":[{"start":{"line":12,"column":15},"end":{"line":12,"column":35}},{"start":{"line":12,"column":39},"end":{"line":12,"column":43}}],"line":12},"1":{"loc":{"start":{"line":19,"column":42},"end":{"line":19,"column":63}},"type":"default-arg","locations":[{"start":{"line":19,"column":52},"end":{"line":19,"column":63}}],"line":19},"2":{"loc":{"start":{"line":21,"column":35},"end":{"line":21,"column":63}},"type":"binary-expr","locations":[{"start":{"line":21,"column":35},"end":{"line":21,"column":40}},{"start":{"line":21,"column":44},"end":{"line":21,"column":63}}],"line":21},"3":{"loc":{"start":{"line":30,"column":15},"end":{"line":30,"column":50}},"type":"binary-expr","locations":[{"start":{"line":30,"column":15},"end":{"line":30,"column":42}},{"start":{"line":30,"column":46},"end":{"line":30,"column":50}}],"line":30}},"s":{"0":1,"1":1,"2":1,"3":1,"4":0,"5":0,"6":0,"7":0,"8":0,"9":0,"10":1,"11":0,"12":0,"13":0,"14":0,"15":1,"16":0,"17":0,"18":0,"19":0,"20":0,"21":0,"22":1,"23":0},"f":{"0":0,"1":0,"2":0,"3":0,"4":0,"5":0},"b":{"0":[0,0],"1":[0],"2":[0,0],"3":[0,0]},"meta":{"lastBranch":4,"lastFunction":6,"lastStatement":24,"seen":{"s:1:59:1:Infinity":0,"s:2:17:2:52":1,"s:4:20:4:96":2,"s:6:31:17:1":3,"f:6:31:6:36":0,"s:7:4:16:5":4,"s:8:25:10:9":5,"s:11:21:11:42":6,"s:12:8:12:44":7,"b:12:15:12:35:12:39:12:43":0,"s:14:8:14:64":8,"s:15:8:15:20":9,"s:19:35:22:1":10,"f:19:35:19:40":1,"b:19:52:19:63":1,"s:20:20:20:85":11,"f:20:50:20:56":2,"s:20:60:20:83":12,"s:21:4:21:65":13,"f:21:26:21:31":3,"s:21:35:21:63":14,"b:21:35:21:40:21:44:21:63":2,"s:24:32:35:1":15,"f:24:32:24:37":4,"s:25:4:34:5":16,"s:26:25:28:9":17,"s:29:21:29:42":18,"s:30:8:30:51":19,"b:30:15:30:42:30:46:30:50":3,"s:32:8:32:75":20,"s:33:8:33:20":21,"s:37:29:37:46":22,"f:37:29:37:30":5,"s:37:35:37:46":23}}}
,"C:\\Users\\yanevg\\OneDrive - Posten Norge\\Documents\\Bring Documents\\React\\Dashboard-Telerik\\src\\store\\stocksSlice.js": {"path":"C:\\Users\\yanevg\\OneDrive - Posten Norge\\Documents\\Bring Documents\\React\\Dashboard-Telerik\\src\\store\\stocksSlice.js","statementMap":{"0":{"start":{"line":3,"column":21},"end":{"line":6,"column":1}},"1":{"start":{"line":8,"column":19},"end":{"line":20,"column":2}},"2":{"start":{"line":13,"column":6},"end":{"line":13,"column":40}},"3":{"start":{"line":16,"column":21},"end":{"line":16,"column":35}},"4":{"start":{"line":17,"column":6},"end":{"line":17,"column":77}},"5":{"start":{"line":22,"column":55},"end":{"line":22,"column":74}}},"fnMap":{"0":{"name":"(anonymous_0)","decl":{"start":{"line":12,"column":4},"end":{"line":12,"column":17}},"loc":{"start":{"line":12,"column":33},"end":{"line":14,"column":5}},"line":12},"1":{"name":"(anonymous_1)","decl":{"start":{"line":15,"column":4},"end":{"line":15,"column":24}},"loc":{"start":{"line":15,"column":40},"end":{"line":18,"column":5}},"line":15}},"branchMap":{"0":{"loc":{"start":{"line":17,"column":29},"end":{"line":17,"column":76}},"type":"cond-expr","locations":[{"start":{"line":17,"column":63},"end":{"line":17,"column":67}},{"start":{"line":17,"column":70},"end":{"line":17,"column":76}}],"line":17}},"s":{"0":2,"1":2,"2":5,"3":0,"4":0,"5":2},"f":{"0":5,"1":0},"b":{"0":[0,0]},"meta":{"lastBranch":1,"lastFunction":2,"lastStatement":6,"seen":{"s:3:21:6:1":0,"s:8:19:20:2":1,"f:12:4:12:17":0,"s:13:6:13:40":2,"f:15:4:15:24":1,"s:16:21:16:35":3,"s:17:6:17:77":4,"b:17:63:17:67:17:70:17:76":0,"s:22:55:22:74":5}}}
}
